TN:
SF:/home/g/Desktop/Fuzz/training/fuzzing_libtiff/tiff-4.0.4/libtiff/tif_compress.c
FN:35,TIFFNoEncode
FNDA:0,TIFFNoEncode
FN:52,_TIFFNoRowEncode
FNDA:0,_TIFFNoRowEncode
FN:59,_TIFFNoStripEncode
FNDA:0,_TIFFNoStripEncode
FN:66,_TIFFNoTileEncode
FNDA:0,_TIFFNoTileEncode
FN:73,TIFFNoDecode
FNDA:0,TIFFNoDecode
FN:89,_TIFFNoFixupTags
FNDA:38748,_TIFFNoFixupTags
FN:96,_TIFFNoRowDecode
FNDA:0,_TIFFNoRowDecode
FN:103,_TIFFNoStripDecode
FNDA:0,_TIFFNoStripDecode
FN:110,_TIFFNoTileDecode
FNDA:0,_TIFFNoTileDecode
FN:117,_TIFFNoSeek
FNDA:0,_TIFFNoSeek
FN:126,_TIFFNoPreCode
FNDA:0,_TIFFNoPreCode
FN:132,_TIFFtrue
FNDA:0,_TIFFtrue
FN:133,_TIFFvoid
FNDA:629141,_TIFFvoid
FN:136,_TIFFSetDefaultCompressionState
FNDA:288833,_TIFFSetDefaultCompressionState
FN:161,TIFFSetCompressionScheme
FNDA:161096,TIFFSetCompressionScheme
FN:187,TIFFFindCODEC
FNDA:48703,TIFFFindCODEC
FN:202,TIFFRegisterCODEC
FNDA:0,TIFFRegisterCODEC
FN:225,TIFFUnRegisterCODEC
FNDA:0,TIFFUnRegisterCODEC
FN:253,TIFFGetConfiguredCODECs
FNDA:0,TIFFGetConfiguredCODECs
DA:35,0
DA:37,0
DA:39,0
DA:40,0
DA:42,0
DA:44,0
DA:48,0
DA:52,0
DA:54,0
DA:55,0
DA:59,0
DA:61,0
DA:62,0
DA:66,0
DA:68,0
DA:69,0
DA:73,0
DA:75,0
DA:77,0
DA:78,0
DA:80,0
DA:82,0
DA:85,0
DA:89,38748
DA:91,38748
DA:92,38748
DA:96,0
DA:98,0
DA:99,0
DA:103,0
DA:105,0
DA:106,0
DA:110,0
DA:112,0
DA:113,0
DA:117,0
DA:119,0
DA:120,0
DA:122,0
DA:126,0
DA:128,0
DA:129,0
DA:132,0
DA:133,629141
DA:136,449929
DA:138,449929
DA:139,449929
DA:140,449929
DA:141,449929
DA:142,449929
DA:143,449929
DA:144,449929
DA:145,449929
DA:146,449929
DA:147,449929
DA:148,449929
DA:149,449929
DA:150,449929
DA:151,449929
DA:152,449929
DA:153,449929
DA:154,449929
DA:155,449929
DA:156,449929
DA:157,449929
DA:158,288833
DA:161,161096
DA:163,322192
DA:165,161096
DA:172,161096
DA:187,209799
DA:189,209799
DA:190,209799
DA:192,209799
DA:193,0
DA:194,0
DA:195,400984
DA:196,400722
DA:197,48617
DA:202,0
DA:204,0
DA:205,0
DA:207,0
DA:208,0
DA:209,0
DA:211,0
DA:212,0
DA:213,0
DA:214,0
DA:215,0
DA:217,0
DA:219,0
DA:221,0
DA:225,0
DA:227,0
DA:228,0
DA:230,0
DA:231,0
DA:232,0
DA:233,0
DA:234,0
DA:236,0
DA:253,0
DA:255,0
DA:256,0
DA:257,0
DA:258,0
DA:259,0
DA:261,0
DA:262,0
DA:263,0
DA:264,0
DA:265,0
DA:266,0
DA:268,0
DA:269,0
DA:270,0
DA:272,0
DA:273,0
DA:274,0
DA:275,0
DA:276,0
DA:277,0
DA:278,0
DA:280,0
DA:281,0
DA:282,0
DA:286,0
DA:287,0
DA:288,0
DA:289,0
DA:291,0
DA:292,0
DA:294,0
end_of_record
TN:
SF:/home/g/Desktop/Fuzz/training/fuzzing_libtiff/tiff-4.0.4/libtiff/tif_predict.c
FN:53,PredictorSetup
FNDA:0,PredictorSetup
FN:104,PredictorSetupDecode
FNDA:0,PredictorSetupDecode
FN:183,PredictorSetupEncode
FNDA:0,PredictorSetupEncode
FN:243,horAcc8
FNDA:0,horAcc8
FN:293,swabHorAcc16
FNDA:0,swabHorAcc16
FN:312,horAcc16
FNDA:0,horAcc16
FN:330,swabHorAcc32
FNDA:0,swabHorAcc32
FN:349,horAcc32
FNDA:0,horAcc32
FN:370,fpAcc
FNDA:0,fpAcc
FN:409,PredictorDecodeRow
FNDA:0,PredictorDecodeRow
FN:432,PredictorDecodeTile
FNDA:0,PredictorDecodeTile
FN:455,horDiff8
FNDA:0,horDiff8
FN:502,horDiff16
FNDA:0,horDiff16
FN:522,horDiff32
FNDA:0,horDiff32
FN:545,fpDiff
FNDA:0,fpDiff
FN:580,PredictorEncodeRow
FNDA:0,PredictorEncodeRow
FN:594,PredictorEncodeTile
FNDA:0,PredictorEncodeTile
FN:644,PredictorVSetField
FNDA:634,PredictorVSetField
FN:664,PredictorVGetField
FNDA:129,PredictorVGetField
FN:682,PredictorPrintDir
FNDA:46,PredictorPrintDir
FN:701,TIFFPredictorInit
FNDA:76,TIFFPredictorInit
FN:742,TIFFPredictorCleanup
FNDA:76,TIFFPredictorCleanup
DA:53,0
DA:55,0
DA:57,0
DA:58,0
DA:60,0
DA:64,0
DA:65,0
DA:66,0
DA:67,0
DA:68,0
DA:71,0
DA:74,0
DA:75,0
DA:76,0
DA:79,0
DA:82,0
DA:83,0
DA:86,0
DA:88,0
DA:89,0
DA:93,0
DA:94,0
DA:96,0
DA:97,0
DA:98,0
DA:104,0
DA:106,0
DA:107,0
DA:109,0
DA:110,0
DA:112,0
DA:113,0
DA:114,0
DA:115,0
DA:116,0
DA:122,0
DA:124,0
DA:125,0
DA:126,0
DA:127,0
DA:128,0
DA:129,0
DA:139,0
DA:140,0
DA:141,0
DA:142,0
DA:143,0
DA:144,0
DA:145,0
DA:150,0
DA:151,0
DA:156,0
DA:158,0
DA:159,0
DA:160,0
DA:161,0
DA:162,0
DA:163,0
DA:170,0
DA:171,0
DA:183,0
DA:185,0
DA:186,0
DA:188,0
DA:189,0
DA:191,0
DA:192,0
DA:193,0
DA:194,0
DA:195,0
DA:201,0
DA:203,0
DA:204,0
DA:205,0
DA:206,0
DA:207,0
DA:208,0
DA:212,0
DA:213,0
DA:218,0
DA:220,0
DA:221,0
DA:222,0
DA:223,0
DA:224,0
DA:225,0
DA:243,0
DA:245,0
DA:247,0
DA:248,0
DA:249,0
DA:253,0
DA:254,0
DA:255,0
DA:256,0
DA:257,0
DA:258,0
DA:259,0
DA:260,0
DA:261,0
DA:262,0
DA:263,0
DA:264,0
DA:266,0
DA:267,0
DA:268,0
DA:269,0
DA:270,0
DA:271,0
DA:272,0
DA:273,0
DA:274,0
DA:275,0
DA:276,0
DA:277,0
DA:278,0
DA:279,0
DA:282,0
DA:283,0
DA:284,0
DA:286,0
DA:287,0
DA:290,0
DA:293,0
DA:295,0
DA:296,0
DA:297,0
DA:299,0
DA:301,0
DA:302,0
DA:303,0
DA:304,0
DA:305,0
DA:306,0
DA:307,0
DA:309,0
DA:312,0
DA:314,0
DA:315,0
DA:316,0
DA:318,0
DA:320,0
DA:321,0
DA:322,0
DA:323,0
DA:324,0
DA:325,0
DA:327,0
DA:330,0
DA:332,0
DA:333,0
DA:334,0
DA:336,0
DA:338,0
DA:339,0
DA:340,0
DA:341,0
DA:342,0
DA:343,0
DA:344,0
DA:346,0
DA:349,0
DA:351,0
DA:352,0
DA:353,0
DA:355,0
DA:357,0
DA:358,0
DA:359,0
DA:360,0
DA:361,0
DA:362,0
DA:364,0
DA:370,0
DA:372,0
DA:373,0
DA:374,0
DA:375,0
DA:376,0
DA:377,0
DA:379,0
DA:381,0
DA:384,0
DA:385,0
DA:386,0
DA:389,0
DA:390,0
DA:391,0
DA:393,0
DA:397,0
DA:398,0
DA:402,0
DA:409,0
DA:411,0
DA:413,0
DA:414,0
DA:415,0
DA:417,0
DA:418,0
DA:419,0
DA:432,0
DA:434,0
DA:436,0
DA:437,0
DA:439,0
DA:440,0
DA:441,0
DA:442,0
DA:443,0
DA:444,0
DA:445,0
DA:446,0
DA:447,0
DA:455,0
DA:457,0
DA:458,0
DA:459,0
DA:461,0
DA:463,0
DA:464,0
DA:468,0
DA:469,0
DA:470,0
DA:471,0
DA:472,0
DA:473,0
DA:474,0
DA:475,0
DA:476,0
DA:477,0
DA:478,0
DA:479,0
DA:480,0
DA:481,0
DA:482,0
DA:483,0
DA:484,0
DA:485,0
DA:486,0
DA:487,0
DA:488,0
DA:489,0
DA:490,0
DA:491,0
DA:493,0
DA:494,0
DA:495,0
DA:496,0
DA:499,0
DA:502,0
DA:504,0
DA:505,0
DA:506,0
DA:507,0
DA:509,0
DA:511,0
DA:512,0
DA:513,0
DA:514,0
DA:515,0
DA:516,0
DA:517,0
DA:519,0
DA:522,0
DA:524,0
DA:525,0
DA:526,0
DA:527,0
DA:529,0
DA:531,0
DA:532,0
DA:533,0
DA:534,0
DA:535,0
DA:536,0
DA:537,0
DA:539,0
DA:545,0
DA:547,0
DA:548,0
DA:549,0
DA:550,0
DA:551,0
DA:552,0
DA:554,0
DA:556,0
DA:559,0
DA:560,0
DA:562,0
DA:566,0
DA:567,0
DA:571,0
DA:573,0
DA:574,0
DA:575,0
DA:576,0
DA:580,0
DA:582,0
DA:584,0
DA:585,0
DA:586,0
DA:589,0
DA:590,0
DA:594,0
DA:596,0
DA:597,0
DA:598,0
DA:599,0
DA:600,0
DA:601,0
DA:603,0
DA:604,0
DA:605,0
DA:611,0
DA:612,0
DA:614,0
DA:617,0
DA:619,0
DA:620,0
DA:622,0
DA:623,0
DA:624,0
DA:625,0
DA:626,0
DA:627,0
DA:628,0
DA:630,0
DA:632,0
DA:634,0
DA:644,634
DA:646,634
DA:648,634
DA:649,634
DA:651,634
DA:652,0
DA:653,0
DA:654,0
DA:655,0
DA:656,634
DA:657,634
DA:659,0
DA:660,0
DA:664,129
DA:666,129
DA:668,129
DA:669,129
DA:671,129
DA:672,0
DA:673,0
DA:674,0
DA:675,129
DA:676,129
DA:678,0
DA:682,46
DA:684,46
DA:686,46
DA:687,46
DA:688,0
DA:689,0
DA:690,0
DA:691,0
DA:692,0
DA:694,0
DA:696,46
DA:697,0
DA:698,46
DA:701,76
DA:703,76
DA:705,76
DA:710,76
DA:712,0
DA:714,0
DA:720,76
DA:721,76
DA:723,76
DA:724,76
DA:726,76
DA:727,76
DA:730,76
DA:731,76
DA:732,76
DA:733,76
DA:735,76
DA:736,76
DA:737,76
DA:738,76
DA:742,76
DA:744,76
DA:746,76
DA:748,76
DA:749,76
DA:750,76
DA:751,76
DA:752,76
DA:754,76
end_of_record
TN:
SF:/usr/include/x86_64-linux-gnu/bits/stdlib-bsearch.h
DA:20,17643716
DA:23,17643716
DA:24,17643716
DA:25,17643716
DA:27,17643716
DA:28,17643716
DA:29,112713893
DA:31,96393685
DA:32,96393685
DA:33,96393685
DA:34,95070177
DA:36,86133527
DA:37,84810019
end_of_record
SF:/home/g/Desktop/Fuzz/training/fuzzing_libtiff/tiff-4.0.4/libtiff/tif_dirinfo.c
FN:299,_TIFFGetFields
FNDA:106684,_TIFFGetFields
FN:305,_TIFFGetExifFields
FNDA:0,_TIFFGetExifFields
FN:311,_TIFFSetupFields
FNDA:106684,_TIFFSetupFields
FN:336,tagCompare
FNDA:171177885,tagCompare
FN:349,tagNameCompare
FNDA:0,tagNameCompare
FN:363,_TIFFMergeFields
FNDA:210811,_TIFFMergeFields
FN:408,_TIFFPrintFieldInfo
FNDA:0,_TIFFPrintFieldInfo
FN:432,TIFFDataWidth
FNDA:454001,TIFFDataWidth
FN:470,_TIFFDataSize
FNDA:75272,_TIFFDataSize
FN:500,TIFFFindField
FNDA:19963699,TIFFFindField
FN:525,_TIFFFindFieldByName
FNDA:0,_TIFFFindFieldByName
FN:552,TIFFFieldWithTag
FNDA:1110771,TIFFFieldWithTag
FN:564,TIFFFieldWithName
FNDA:0,TIFFFieldWithName
FN:576,TIFFFieldTag
FNDA:0,TIFFFieldTag
FN:582,TIFFFieldName
FNDA:0,TIFFFieldName
FN:588,TIFFFieldDataType
FNDA:0,TIFFFieldDataType
FN:594,TIFFFieldPassCount
FNDA:0,TIFFFieldPassCount
FN:600,TIFFFieldReadCount
FNDA:0,TIFFFieldReadCount
FN:606,TIFFFieldWriteCount
FNDA:0,TIFFFieldWriteCount
FN:612,_TIFFFindOrRegisterField
FNDA:0,_TIFFFindOrRegisterField
FN:628,_TIFFCreateAnonField
FNDA:103998,_TIFFCreateAnonField
FN:729,_TIFFSetGetType
FNDA:0,_TIFFSetGetType
FN:882,TIFFMergeFieldInfo
FNDA:0,TIFFMergeFieldInfo
DA:285,0
DA:288,0
DA:290,0
DA:291,0
DA:292,0
DA:299,106684
DA:301,106684
DA:305,0
DA:307,0
DA:311,106684
DA:313,106684
DA:316,14426
DA:317,14333
DA:318,14333
DA:319,9590
DA:320,197
DA:321,197
DA:325,93
DA:326,93
DA:327,93
DA:329,106684
DA:330,0
DA:333,106684
DA:336,267571570
DA:338,267571570
DA:339,267571570
DA:341,267571570
DA:342,266248062
DA:344,1323508
DA:345,1323508
DA:349,0
DA:351,0
DA:352,0
DA:353,0
DA:355,0
DA:358,0
DA:359,0
DA:363,210811
DA:365,210811
DA:366,210811
DA:368,210811
DA:370,210811
DA:372,210811
DA:373,104127
DA:374,104127
DA:375,104127
DA:378,106684
DA:379,106684
DA:382,210811
DA:383,0
DA:385,0
DA:389,16637703
DA:390,16426892
DA:391,16426892
DA:394,16426892
DA:395,16320208
DA:396,16320208
DA:401,210811
DA:404,210811
DA:408,0
DA:410,0
DA:412,0
DA:413,0
DA:414,0
DA:415,0
DA:417,0
DA:418,0
DA:419,0
DA:420,0
DA:421,0
DA:422,0
DA:423,0
DA:426,0
DA:432,454001
DA:434,454001
DA:470,75272
DA:472,75272
DA:500,19963699
DA:502,19963699
DA:503,19963699
DA:504,19963699
DA:505,19963699
DA:506,0
DA:510,17643716
DA:515,17643716
DA:516,17643716
DA:518,17643716
DA:521,17643716
DA:525,0
DA:527,0
DA:528,0
DA:529,0
DA:530,0
DA:531,0
DA:532,0
DA:536,0
DA:541,0
DA:542,0
DA:544,0
DA:545,0
DA:548,0
DA:552,1110771
DA:554,1110771
DA:555,1110771
DA:556,0
DA:560,1110771
DA:564,0
DA:566,0
DA:567,0
DA:568,0
DA:569,0
DA:572,0
DA:576,0
DA:578,0
DA:582,0
DA:584,0
DA:588,0
DA:590,0
DA:594,0
DA:596,0
DA:600,0
DA:602,0
DA:606,0
DA:608,0
DA:612,0
DA:615,0
DA:617,0
DA:618,0
DA:619,0
DA:620,0
DA:621,0
DA:628,103998
DA:630,103998
DA:631,103998
DA:633,103998
DA:634,103998
DA:636,103998
DA:638,103998
DA:639,103998
DA:640,103998
DA:641,103998
DA:642,103998
DA:643,103998
DA:645,608
DA:647,608
DA:648,608
DA:649,608
DA:650,509
DA:651,509
DA:652,509
DA:653,509
DA:654,1380
DA:655,1380
DA:656,1380
DA:657,1380
DA:658,9347
DA:659,9347
DA:660,9347
DA:661,9347
DA:662,159
DA:665,159
DA:666,159
DA:667,159
DA:668,2
DA:669,2
DA:670,2
DA:671,2
DA:672,377
DA:673,377
DA:674,377
DA:675,377
DA:676,73
DA:677,73
DA:678,73
DA:679,73
DA:680,15
DA:681,15
DA:682,15
DA:683,15
DA:684,0
DA:686,0
DA:687,0
DA:688,0
DA:689,23
DA:690,23
DA:691,23
DA:692,23
DA:693,1
DA:694,1
DA:695,1
DA:696,1
DA:697,91504
DA:698,91504
DA:699,91504
DA:700,91504
DA:702,103998
DA:703,103998
DA:704,103998
DA:705,103998
DA:706,103998
DA:707,0
DA:708,0
DA:710,103998
DA:716,103998
DA:718,103998
DA:729,0
DA:731,0
DA:734,0
DA:735,0
DA:770,0
DA:771,0
DA:806,0
DA:807,0
DA:842,0
DA:843,0
DA:882,0
DA:884,0
DA:885,0
DA:886,0
DA:887,0
DA:888,0
DA:890,0
DA:891,0
DA:892,0
DA:893,0
DA:896,0
DA:897,0
DA:900,0
DA:901,0
DA:903,0
DA:905,0
DA:907,0
DA:908,0
DA:909,0
DA:910,0
DA:911,0
DA:913,0
DA:914,0
DA:916,0
DA:920,0
DA:921,0
DA:922,0
DA:923,0
DA:924,0
DA:925,0
DA:926,0
DA:927,0
DA:929,0
DA:930,0
DA:934,0
DA:935,0
DA:936,0
DA:937,0
DA:938,0
DA:939,0
DA:942,0
DA:943,0
DA:945,0
end_of_record
TN:
SF:/home/g/Desktop/Fuzz/training/fuzzing_libtiff/tiff-4.0.4/libtiff/tif_pixarlog.c
FN:114,horizontalAccumulateF
FNDA:0,horizontalAccumulateF
FN:177,horizontalAccumulate12
FNDA:0,horizontalAccumulate12
FN:245,horizontalAccumulate16
FNDA:0,horizontalAccumulate16
FN:297,horizontalAccumulate11
FNDA:0,horizontalAccumulate11
FN:340,horizontalAccumulate8
FNDA:0,horizontalAccumulate8
FN:389,horizontalAccumulate8abgr
FNDA:0,horizontalAccumulate8abgr
FN:480,PixarLogMakeTables
FNDA:9,PixarLogMakeTables
FN:602,PixarLogGuessDataFmt
FNDA:0,PixarLogGuessDataFmt
FN:662,PixarLogFixupTags
FNDA:9,PixarLogFixupTags
FN:669,PixarLogSetupDecode
FNDA:0,PixarLogSetupDecode
FN:717,PixarLogPreDecode
FNDA:0,PixarLogPreDecode
FN:739,PixarLogDecode
FNDA:0,PixarLogDecode
FN:873,PixarLogSetupEncode
FNDA:0,PixarLogSetupEncode
FN:913,PixarLogPreEncode
FNDA:0,PixarLogPreEncode
FN:935,horizontalDifferenceF
FNDA:0,horizontalDifferenceF
FN:992,horizontalDifference16
FNDA:0,horizontalDifference16
FN:1046,horizontalDifference8
FNDA:0,horizontalDifference8
FN:1101,PixarLogEncode
FNDA:0,PixarLogEncode
FN:1195,PixarLogPostEncode
FNDA:0,PixarLogPostEncode
FN:1226,PixarLogClose
FNDA:0,PixarLogClose
FN:1243,PixarLogCleanup
FNDA:9,PixarLogCleanup
FN:1275,PixarLogVSetField
FNDA:108,PixarLogVSetField
FN:1337,PixarLogVGetField
FNDA:27,PixarLogVGetField
FN:1360,TIFFInitPixarLog
FNDA:9,TIFFInitPixarLog
DA:114,0
DA:117,0
DA:118,0
DA:120,0
DA:121,0
DA:122,0
DA:123,0
DA:124,0
DA:125,0
DA:126,0
DA:127,0
DA:128,0
DA:129,0
DA:130,0
DA:131,0
DA:132,0
DA:133,0
DA:134,0
DA:135,0
DA:136,0
DA:137,0
DA:138,0
DA:139,0
DA:141,0
DA:142,0
DA:143,0
DA:144,0
DA:145,0
DA:146,0
DA:147,0
DA:148,0
DA:149,0
DA:150,0
DA:151,0
DA:152,0
DA:153,0
DA:154,0
DA:155,0
DA:156,0
DA:157,0
DA:158,0
DA:159,0
DA:160,0
DA:161,0
DA:162,0
DA:165,0
DA:166,0
DA:167,0
DA:168,0
DA:170,0
DA:174,0
DA:177,0
DA:180,0
DA:181,0
DA:186,0
DA:187,0
DA:188,0
DA:189,0
DA:190,0
DA:191,0
DA:192,0
DA:193,0
DA:194,0
DA:195,0
DA:196,0
DA:197,0
DA:198,0
DA:199,0
DA:200,0
DA:201,0
DA:202,0
DA:203,0
DA:204,0
DA:205,0
DA:207,0
DA:208,0
DA:209,0
DA:210,0
DA:211,0
DA:212,0
DA:213,0
DA:214,0
DA:215,0
DA:216,0
DA:217,0
DA:218,0
DA:219,0
DA:220,0
DA:221,0
DA:222,0
DA:223,0
DA:224,0
DA:225,0
DA:226,0
DA:227,0
DA:228,0
DA:231,0
DA:233,0
DA:234,0
DA:235,0
DA:238,0
DA:242,0
DA:245,0
DA:248,0
DA:250,0
DA:251,0
DA:252,0
DA:253,0
DA:254,0
DA:255,0
DA:256,0
DA:257,0
DA:258,0
DA:259,0
DA:260,0
DA:261,0
DA:262,0
DA:263,0
DA:265,0
DA:266,0
DA:267,0
DA:268,0
DA:269,0
DA:270,0
DA:271,0
DA:272,0
DA:273,0
DA:274,0
DA:275,0
DA:276,0
DA:277,0
DA:278,0
DA:281,0
DA:282,0
DA:283,0
DA:284,0
DA:286,0
DA:290,0
DA:297,0
DA:299,0
DA:301,0
DA:302,0
DA:303,0
DA:304,0
DA:305,0
DA:306,0
DA:307,0
DA:308,0
DA:309,0
DA:310,0
DA:311,0
DA:312,0
DA:314,0
DA:315,0
DA:316,0
DA:317,0
DA:318,0
DA:319,0
DA:320,0
DA:321,0
DA:322,0
DA:323,0
DA:324,0
DA:325,0
DA:328,0
DA:329,0
DA:330,0
DA:331,0
DA:333,0
DA:337,0
DA:340,0
DA:343,0
DA:345,0
DA:346,0
DA:347,0
DA:348,0
DA:349,0
DA:350,0
DA:351,0
DA:352,0
DA:353,0
DA:354,0
DA:355,0
DA:356,0
DA:357,0
DA:358,0
DA:360,0
DA:361,0
DA:362,0
DA:363,0
DA:364,0
DA:365,0
DA:366,0
DA:367,0
DA:368,0
DA:369,0
DA:370,0
DA:371,0
DA:372,0
DA:373,0
DA:376,0
DA:377,0
DA:378,0
DA:379,0
DA:381,0
DA:385,0
DA:389,0
DA:392,0
DA:393,0
DA:395,0
DA:396,0
DA:397,0
DA:398,0
DA:399,0
DA:400,0
DA:401,0
DA:402,0
DA:403,0
DA:404,0
DA:405,0
DA:406,0
DA:407,0
DA:408,0
DA:409,0
DA:410,0
DA:411,0
DA:412,0
DA:413,0
DA:414,0
DA:415,0
DA:416,0
DA:418,0
DA:419,0
DA:420,0
DA:421,0
DA:422,0
DA:423,0
DA:424,0
DA:425,0
DA:426,0
DA:427,0
DA:428,0
DA:429,0
DA:430,0
DA:431,0
DA:432,0
DA:433,0
DA:434,0
DA:435,0
DA:436,0
DA:437,0
DA:438,0
DA:439,0
DA:442,0
DA:443,0
DA:444,0
DA:445,0
DA:447,0
DA:451,0
DA:480,9
DA:494,9
DA:495,9
DA:496,9
DA:497,9
DA:498,9
DA:499,9
DA:500,9
DA:501,9
DA:502,9
DA:504,9
DA:505,9
DA:506,9
DA:507,9
DA:508,9
DA:510,9
DA:511,9
DA:512,9
DA:513,9
DA:514,9
DA:515,9
DA:516,9
DA:517,9
DA:518,9
DA:519,9
DA:520,9
DA:521,0
DA:522,0
DA:523,0
DA:524,0
DA:525,0
DA:526,0
DA:527,0
DA:528,0
DA:529,0
DA:530,0
DA:531,0
DA:532,0
DA:533,0
DA:538,2259
DA:539,2250
DA:540,2250
DA:543,16191
DA:544,16182
DA:546,9
DA:548,18450
DA:549,18441
DA:550,18441
DA:551,18441
DA:552,18441
DA:556,245709
DA:557,245700
DA:558,12807
DA:559,245700
DA:568,147465
DA:569,158706
DA:570,11250
DA:571,147456
DA:575,2313
DA:576,13554
DA:577,11250
DA:578,2304
DA:581,9
DA:583,9
DA:584,9
DA:585,9
DA:586,9
DA:587,9
DA:588,9
DA:590,9
DA:602,0
DA:604,0
DA:605,0
DA:610,0
DA:611,0
DA:612,0
DA:613,0
DA:615,0
DA:616,0
DA:617,0
DA:619,0
DA:620,0
DA:621,0
DA:623,0
DA:624,0
DA:625,0
DA:627,0
DA:628,0
DA:629,0
DA:633,0
DA:637,0
DA:639,0
DA:641,0
DA:644,0
DA:648,0
DA:650,0
DA:653,0
DA:655,0
DA:658,0
DA:662,9
DA:664,9
DA:665,9
DA:669,0
DA:671,0
DA:672,0
DA:673,0
DA:674,0
DA:676,0
DA:680,0
DA:684,0
DA:686,0
DA:687,0
DA:689,0
DA:690,0
DA:692,0
DA:693,0
DA:695,0
DA:696,0
DA:697,0
DA:698,0
DA:700,0
DA:701,0
DA:704,0
DA:705,0
DA:706,0
DA:708,0
DA:709,0
DA:717,0
DA:719,0
DA:720,0
DA:722,0
DA:723,0
DA:724,0
DA:725,0
DA:729,0
DA:730,0
DA:732,0
DA:733,0
DA:735,0
DA:739,0
DA:741,0
DA:742,0
DA:743,0
DA:744,0
DA:745,0
DA:746,0
DA:747,0
DA:749,0
DA:750,0
DA:751,0
DA:752,0
DA:753,0
DA:756,0
DA:757,0
DA:762,0
DA:763,0
DA:765,0
DA:766,0
DA:769,0
DA:771,0
DA:772,0
DA:773,0
DA:774,0
DA:778,0
DA:779,0
DA:781,0
DA:782,0
DA:784,0
DA:785,0
DA:786,0
DA:789,0
DA:790,0
DA:792,0
DA:793,0
DA:795,0
DA:797,0
DA:798,0
DA:800,0
DA:802,0
DA:805,0
DA:806,0
DA:808,0
DA:809,0
DA:812,0
DA:814,0
DA:815,0
DA:822,0
DA:823,0
DA:826,0
DA:829,0
DA:830,0
DA:831,0
DA:832,0
DA:834,0
DA:835,0
DA:836,0
DA:837,0
DA:839,0
DA:840,0
DA:841,0
DA:842,0
DA:844,0
DA:845,0
DA:846,0
DA:847,0
DA:849,0
DA:850,0
DA:851,0
DA:852,0
DA:854,0
DA:855,0
DA:856,0
DA:857,0
DA:859,0
DA:860,0
DA:861,0
DA:862,0
DA:864,0
DA:865,0
DA:873,0
DA:875,0
DA:876,0
DA:877,0
DA:878,0
DA:880,0
DA:884,0
DA:886,0
DA:887,0
DA:888,0
DA:890,0
DA:891,0
DA:893,0
DA:894,0
DA:895,0
DA:896,0
DA:897,0
DA:900,0
DA:901,0
DA:902,0
DA:904,0
DA:905,0
DA:913,0
DA:915,0
DA:916,0
DA:918,0
DA:919,0
DA:920,0
DA:921,0
DA:925,0
DA:926,0
DA:928,0
DA:929,0
DA:931,0
DA:935,0
DA:937,0
DA:938,0
DA:945,0
DA:946,0
DA:947,0
DA:948,0
DA:949,0
DA:950,0
DA:951,0
DA:952,0
DA:953,0
DA:954,0
DA:955,0
DA:956,0
DA:957,0
DA:958,0
DA:960,0
DA:961,0
DA:962,0
DA:963,0
DA:964,0
DA:965,0
DA:966,0
DA:967,0
DA:968,0
DA:969,0
DA:970,0
DA:971,0
DA:972,0
DA:973,0
DA:976,0
DA:977,0
DA:978,0
DA:979,0
DA:980,0
DA:984,0
DA:986,0
DA:989,0
DA:992,0
DA:995,0
DA:1001,0
DA:1002,0
DA:1003,0
DA:1004,0
DA:1005,0
DA:1006,0
DA:1007,0
DA:1008,0
DA:1009,0
DA:1010,0
DA:1011,0
DA:1012,0
DA:1013,0
DA:1015,0
DA:1016,0
DA:1017,0
DA:1018,0
DA:1019,0
DA:1020,0
DA:1021,0
DA:1022,0
DA:1023,0
DA:1024,0
DA:1025,0
DA:1026,0
DA:1029,0
DA:1030,0
DA:1031,0
DA:1032,0
DA:1033,0
DA:1037,0
DA:1039,0
DA:1042,0
DA:1046,0
DA:1049,0
DA:1054,0
DA:1055,0
DA:1056,0
DA:1057,0
DA:1058,0
DA:1059,0
DA:1060,0
DA:1061,0
DA:1062,0
DA:1063,0
DA:1064,0
DA:1065,0
DA:1066,0
DA:1068,0
DA:1069,0
DA:1070,0
DA:1071,0
DA:1072,0
DA:1073,0
DA:1074,0
DA:1075,0
DA:1076,0
DA:1077,0
DA:1078,0
DA:1079,0
DA:1082,0
DA:1083,0
DA:1084,0
DA:1085,0
DA:1086,0
DA:1090,0
DA:1092,0
DA:1095,0
DA:1101,0
DA:1103,0
DA:1104,0
DA:1105,0
DA:1106,0
DA:1107,0
DA:1108,0
DA:1109,0
DA:1111,0
DA:1113,0
DA:1114,0
DA:1115,0
DA:1116,0
DA:1117,0
DA:1120,0
DA:1121,0
DA:1126,0
DA:1127,0
DA:1129,0
DA:1130,0
DA:1133,0
DA:1135,0
DA:1136,0
DA:1137,0
DA:1138,0
DA:1139,0
DA:1140,0
DA:1141,0
DA:1142,0
DA:1143,0
DA:1144,0
DA:1145,0
DA:1146,0
DA:1147,0
DA:1148,0
DA:1149,0
DA:1150,0
DA:1151,0
DA:1152,0
DA:1153,0
DA:1155,0
DA:1156,0
DA:1160,0
DA:1161,0
DA:1165,0
DA:1166,0
DA:1168,0
DA:1170,0
DA:1173,0
DA:1174,0
DA:1175,0
DA:1177,0
DA:1179,0
DA:1180,0
DA:1181,0
DA:1182,0
DA:1183,0
DA:1185,0
DA:1195,0
DA:1197,0
DA:1198,0
DA:1199,0
DA:1201,0
DA:1203,0
DA:1204,0
DA:1205,0
DA:1206,0
DA:1208,0
DA:1209,0
DA:1210,0
DA:1211,0
DA:1212,0
DA:1213,0
DA:1215,0
DA:1216,0
DA:1217,0
DA:1219,0
DA:1221,0
DA:1226,0
DA:1228,0
DA:1238,0
DA:1239,0
DA:1240,0
DA:1243,9
DA:1245,9
DA:1247,9
DA:1249,9
DA:1251,9
DA:1252,9
DA:1254,9
DA:1255,9
DA:1256,9
DA:1257,9
DA:1258,9
DA:1259,9
DA:1260,9
DA:1261,0
DA:1262,0
DA:1264,0
DA:1266,9
DA:1267,0
DA:1268,9
DA:1269,9
DA:1271,9
DA:1272,9
DA:1275,108
DA:1277,108
DA:1278,108
DA:1279,108
DA:1281,108
DA:1282,0
DA:1283,0
DA:1284,0
DA:1285,0
DA:1287,0
DA:1289,0
DA:1293,0
DA:1294,0
DA:1300,0
DA:1301,0
DA:1303,0
DA:1304,0
DA:1305,0
DA:1306,0
DA:1307,0
DA:1308,0
DA:1309,0
DA:1310,0
DA:1311,0
DA:1312,0
DA:1313,0
DA:1314,0
DA:1315,0
DA:1316,0
DA:1317,0
DA:1318,0
DA:1319,0
DA:1320,0
DA:1321,0
DA:1326,0
DA:1327,0
DA:1328,0
DA:1329,0
DA:1330,108
DA:1331,108
DA:1337,27
DA:1339,27
DA:1341,27
DA:1342,0
DA:1343,0
DA:1344,0
DA:1345,0
DA:1346,0
DA:1347,0
DA:1348,27
DA:1349,27
DA:1360,9
DA:1362,9
DA:1364,9
DA:1366,9
DA:1371,9
DA:1373,0
DA:1375,0
DA:1381,9
DA:1382,9
DA:1383,0
DA:1384,9
DA:1385,9
DA:1386,9
DA:1387,9
DA:1392,9
DA:1393,9
DA:1394,9
DA:1395,9
DA:1396,9
DA:1397,9
DA:1398,9
DA:1399,9
DA:1400,9
DA:1401,9
DA:1402,9
DA:1403,9
DA:1404,9
DA:1405,9
DA:1408,9
DA:1409,9
DA:1410,9
DA:1411,9
DA:1414,9
DA:1415,9
DA:1420,9
DA:1425,9
DA:1427,9
DA:1428,0
DA:1429,0
DA:1431,0
end_of_record
TN:
SF:/home/g/Desktop/Fuzz/training/fuzzing_libtiff/tiff-4.0.4/libtiff/tif_dirread.c
FN:197,TIFFReadDirEntryByte
FNDA:0,TIFFReadDirEntryByte
FN:286,TIFFReadDirEntryShort
FNDA:387649,TIFFReadDirEntryShort
FN:372,TIFFReadDirEntryLong
FNDA:195568,TIFFReadDirEntryLong
FN:455,TIFFReadDirEntryLong8
FNDA:0,TIFFReadDirEntryLong8
FN:533,TIFFReadDirEntryFloat
FNDA:0,TIFFReadDirEntryFloat
FN:644,TIFFReadDirEntryDouble
FNDA:78746,TIFFReadDirEntryDouble
FN:741,TIFFReadDirEntryIfd8
FNDA:9,TIFFReadDirEntryIfd8
FN:765,TIFFReadDirEntryArray
FNDA:444789,TIFFReadDirEntryArray
FN:834,TIFFReadDirEntryByteArray
FNDA:171345,TIFFReadDirEntryByteArray
FN:1015,TIFFReadDirEntrySbyteArray
FNDA:0,TIFFReadDirEntrySbyteArray
FN:1194,TIFFReadDirEntryShortArray
FNDA:163381,TIFFReadDirEntryShortArray
FN:1366,TIFFReadDirEntrySshortArray
FNDA:10,TIFFReadDirEntrySshortArray
FN:1533,TIFFReadDirEntryLongArray
FNDA:8706,TIFFReadDirEntryLongArray
FN:1702,TIFFReadDirEntrySlongArray
FNDA:35,TIFFReadDirEntrySlongArray
FN:1863,TIFFReadDirEntryLong8Array
FNDA:102282,TIFFReadDirEntryLong8Array
FN:2029,TIFFReadDirEntrySlong8Array
FNDA:0,TIFFReadDirEntrySlong8Array
FN:2179,TIFFReadDirEntryFloatArray
FNDA:113,TIFFReadDirEntryFloatArray
FN:2417,TIFFReadDirEntryDoubleArray
FNDA:9,TIFFReadDirEntryDoubleArray
FN:2654,TIFFReadDirEntryIfd8Array
FNDA:20,TIFFReadDirEntryIfd8Array
FN:2715,TIFFReadDirEntryPersampleShort
FNDA:101870,TIFFReadDirEntryPersampleShort
FN:2814,TIFFReadDirEntryCheckedLong8
FNDA:32,TIFFReadDirEntryCheckedLong8
FN:2833,TIFFReadDirEntryCheckedSlong8
FNDA:405,TIFFReadDirEntryCheckedSlong8
FN:2852,TIFFReadDirEntryCheckedRational
FNDA:78108,TIFFReadDirEntryCheckedRational
FN:2880,TIFFReadDirEntryCheckedSrational
FNDA:0,TIFFReadDirEntryCheckedSrational
FN:2924,TIFFReadDirEntryCheckedDouble
FNDA:9,TIFFReadDirEntryCheckedDouble
FN:3287,TIFFReadDirEntryData
FNDA:372472,TIFFReadDirEntryData
FN:3311,TIFFReadDirEntryOutputErr
FNDA:114712,TIFFReadDirEntryOutputErr
FN:3403,TIFFReadDirectory
FNDA:333926,TIFFReadDirectory
FN:4085,TIFFReadDirectoryCheckOrder
FNDA:106684,TIFFReadDirectoryCheckOrder
FN:4119,TIFFReadDirectoryFindFieldInfo
FNDA:1955248,TIFFReadDirectoryFindFieldInfo
FN:4155,TIFFReadCustomDirectory
FNDA:0,TIFFReadCustomDirectory
FN:4262,TIFFReadEXIFDirectory
FNDA:0,TIFFReadEXIFDirectory
FN:4270,EstimateStripByteCounts
FNDA:948,EstimateStripByteCounts
FN:4372,TIFFCheckDirOffset
FNDA:333926,TIFFCheckDirOffset
FN:4419,CheckDirCount
FNDA:0,CheckDirCount
FN:4446,TIFFFetchDirectory
FNDA:286113,TIFFFetchDirectory
FN:4702,TIFFFetchNormalTag
FNDA:742438,TIFFFetchNormalTag
FN:5376,TIFFFetchStripThing
FNDA:102262,TIFFFetchStripThing
FN:5414,TIFFFetchSubjectDistance
FNDA:0,TIFFFetchSubjectDistance
FN:5475,ChopUpSingleUncompressedStrip
FNDA:0,ChopUpSingleUncompressedStrip
FN:5565,_TIFFFillStriles
FNDA:220014,_TIFFFillStriles
DA:181,0
DA:183,0
DA:185,0
DA:186,0
DA:187,0
DA:188,0
DA:189,0
DA:190,0
DA:191,0
DA:192,0
DA:194,0
DA:197,0
DA:199,0
DA:200,0
DA:202,0
DA:205,0
DA:206,0
DA:207,0
DA:209,0
DA:210,0
DA:211,0
DA:212,0
DA:214,0
DA:215,0
DA:217,0
DA:219,0
DA:220,0
DA:221,0
DA:222,0
DA:224,0
DA:225,0
DA:227,0
DA:229,0
DA:230,0
DA:231,0
DA:232,0
DA:234,0
DA:235,0
DA:237,0
DA:239,0
DA:240,0
DA:241,0
DA:242,0
DA:244,0
DA:245,0
DA:247,0
DA:249,0
DA:250,0
DA:251,0
DA:252,0
DA:254,0
DA:255,0
DA:257,0
DA:259,0
DA:260,0
DA:261,0
DA:263,0
DA:264,0
DA:266,0
DA:267,0
DA:269,0
DA:271,0
DA:272,0
DA:273,0
DA:275,0
DA:276,0
DA:278,0
DA:279,0
DA:286,387649
DA:288,387649
DA:289,387649
DA:291,284613
DA:293,13
DA:295,13
DA:296,13
DA:297,13
DA:298,13
DA:300,9
DA:302,9
DA:303,9
DA:304,9
DA:305,9
DA:307,9
DA:308,9
DA:311,671486
DA:313,9
DA:315,9
DA:316,18
DA:317,9
DA:318,9
DA:320,9
DA:321,9
DA:323,10
DA:325,10
DA:326,20
DA:327,10
DA:328,10
DA:330,10
DA:331,10
DA:333,20
DA:335,20
DA:336,40
DA:337,20
DA:338,20
DA:340,20
DA:341,20
DA:343,11
DA:345,11
DA:346,11
DA:347,11
DA:349,11
DA:350,0
DA:352,0
DA:353,0
DA:355,405
DA:357,405
DA:358,405
DA:359,405
DA:361,405
DA:362,0
DA:364,0
DA:365,0
DA:372,195568
DA:374,195568
DA:375,195568
DA:377,194065
DA:379,11
DA:381,11
DA:382,11
DA:383,11
DA:384,11
DA:386,9
DA:388,9
DA:389,9
DA:390,9
DA:391,9
DA:393,9
DA:394,9
DA:396,193817
DA:398,193817
DA:399,387634
DA:400,193817
DA:401,193817
DA:403,9
DA:405,9
DA:406,18
DA:407,9
DA:408,9
DA:410,9
DA:411,9
DA:414,195581
DA:416,9
DA:418,9
DA:419,18
DA:420,9
DA:421,9
DA:423,9
DA:424,9
DA:426,11
DA:428,11
DA:429,11
DA:430,11
DA:432,11
DA:433,0
DA:435,0
DA:436,0
DA:438,0
DA:440,0
DA:441,0
DA:442,0
DA:444,0
DA:445,0
DA:447,0
DA:448,0
DA:455,0
DA:457,0
DA:458,0
DA:460,0
DA:462,0
DA:464,0
DA:465,0
DA:466,0
DA:467,0
DA:469,0
DA:471,0
DA:472,0
DA:473,0
DA:474,0
DA:476,0
DA:477,0
DA:479,0
DA:481,0
DA:482,0
DA:483,0
DA:484,0
DA:486,0
DA:488,0
DA:489,0
DA:490,0
DA:491,0
DA:493,0
DA:494,0
DA:496,0
DA:498,0
DA:499,0
DA:500,0
DA:501,0
DA:503,0
DA:505,0
DA:506,0
DA:507,0
DA:508,0
DA:510,0
DA:511,0
DA:513,0
DA:514,0
DA:515,0
DA:516,0
DA:518,0
DA:519,0
DA:520,0
DA:522,0
DA:523,0
DA:525,0
DA:526,0
DA:533,0
DA:535,0
DA:536,0
DA:538,0
DA:540,0
DA:542,0
DA:543,0
DA:544,0
DA:545,0
DA:547,0
DA:549,0
DA:550,0
DA:551,0
DA:552,0
DA:554,0
DA:556,0
DA:557,0
DA:558,0
DA:559,0
DA:561,0
DA:563,0
DA:564,0
DA:565,0
DA:566,0
DA:568,0
DA:570,0
DA:571,0
DA:572,0
DA:573,0
DA:575,0
DA:577,0
DA:578,0
DA:579,0
DA:580,0
DA:582,0
DA:584,0
DA:585,0
DA:586,0
DA:596,0
DA:598,0
DA:600,0
DA:602,0
DA:603,0
DA:604,0
DA:606,0
DA:607,0
DA:609,0
DA:611,0
DA:612,0
DA:613,0
DA:615,0
DA:616,0
DA:618,0
DA:620,0
DA:621,0
DA:622,0
DA:624,0
DA:625,0
DA:628,0
DA:630,0
DA:632,0
DA:633,0
DA:634,0
DA:636,0
DA:637,0
DA:644,78746
DA:646,78746
DA:647,78746
DA:649,78299
DA:651,12
DA:653,12
DA:654,12
DA:655,12
DA:656,12
DA:658,10
DA:660,10
DA:661,10
DA:662,10
DA:663,10
DA:665,21
DA:667,21
DA:668,42
DA:669,21
DA:670,21
DA:672,0
DA:674,0
DA:675,0
DA:676,0
DA:677,0
DA:679,10
DA:681,10
DA:682,20
DA:683,10
DA:684,10
DA:686,0
DA:688,0
DA:689,0
DA:690,0
DA:691,0
DA:693,10
DA:695,10
DA:696,10
DA:697,10
DA:707,10
DA:709,10
DA:711,0
DA:713,0
DA:714,0
DA:715,0
DA:717,0
DA:718,0
DA:720,78108
DA:721,78108
DA:722,78108
DA:723,0
DA:724,0
DA:725,0
DA:726,9
DA:728,9
DA:729,18
DA:730,9
DA:731,9
DA:733,9
DA:734,9
DA:735,9
DA:741,9
DA:743,9
DA:744,9
DA:746,9
DA:748,0
DA:751,0
DA:752,0
DA:753,0
DA:754,0
DA:756,0
DA:758,0
DA:759,0
DA:765,444789
DA:767,444789
DA:768,444789
DA:769,444789
DA:770,444789
DA:771,444789
DA:773,8564
DA:774,8564
DA:776,436225
DA:783,436225
DA:785,435387
DA:788,435372
DA:789,435372
DA:790,435372
DA:791,435372
DA:792,435372
DA:794,435372
DA:796,435372
DA:797,141454
DA:800,293918
DA:801,293918
DA:802,293918
DA:803,63338
DA:804,293918
DA:805,293918
DA:807,106792
DA:808,106792
DA:814,0
DA:815,0
DA:818,0
DA:819,0
DA:820,0
DA:821,0
DA:822,0
DA:823,0
DA:825,0
DA:826,0
DA:830,328580
DA:831,328580
DA:834,171345
DA:836,171345
DA:837,171345
DA:838,171345
DA:839,171345
DA:840,171345
DA:852,170915
DA:856,170915
DA:857,170915
DA:859,105546
DA:860,105546
DA:862,65369
DA:864,65294
DA:867,65294
DA:868,65294
DA:874,198
DA:876,378
DA:877,189
DA:879,0
DA:880,0
DA:882,189
DA:884,9
DA:885,9
DA:888,66
DA:889,66
DA:891,0
DA:892,0
DA:894,66
DA:896,57
DA:898,57
DA:899,57
DA:900,57
DA:901,57
DA:902,57
DA:903,118
DA:905,70
DA:906,0
DA:907,197
DA:908,61
DA:910,61
DA:914,0
DA:916,0
DA:917,0
DA:918,0
DA:919,0
DA:920,0
DA:921,0
DA:923,0
DA:924,0
DA:925,66
DA:926,0
DA:928,0
DA:932,9
DA:934,9
DA:935,9
DA:936,9
DA:937,9
DA:938,9
DA:939,9
DA:941,9
DA:942,0
DA:943,75
DA:944,0
DA:946,0
DA:950,0
DA:952,0
DA:953,0
DA:954,0
DA:955,0
DA:956,0
DA:957,0
DA:959,0
DA:960,0
DA:961,66
DA:962,0
DA:964,0
DA:968,0
DA:970,0
DA:971,0
DA:972,0
DA:973,0
DA:974,0
DA:975,0
DA:977,0
DA:978,0
DA:979,66
DA:980,0
DA:982,0
DA:986,0
DA:988,0
DA:989,0
DA:990,0
DA:991,0
DA:992,0
DA:993,0
DA:995,0
DA:996,0
DA:997,66
DA:998,0
DA:1000,0
DA:1005,66
DA:1006,66
DA:1008,18
DA:1009,18
DA:1011,48
DA:1012,48
DA:1015,0
DA:1017,0
DA:1018,0
DA:1019,0
DA:1020,0
DA:1021,0
DA:1032,0
DA:1036,0
DA:1037,0
DA:1039,0
DA:1040,0
DA:1042,0
DA:1050,0
DA:1052,0
DA:1053,0
DA:1055,0
DA:1056,0
DA:1058,0
DA:1060,0
DA:1061,0
DA:1063,0
DA:1064,0
DA:1065,0
DA:1067,0
DA:1068,0
DA:1070,0
DA:1071,0
DA:1073,0
DA:1075,0
DA:1077,0
DA:1078,0
DA:1079,0
DA:1080,0
DA:1081,0
DA:1082,0
DA:1084,0
DA:1085,0
DA:1086,0
DA:1087,0
DA:1089,0
DA:1093,0
DA:1095,0
DA:1096,0
DA:1097,0
DA:1098,0
DA:1099,0
DA:1100,0
DA:1102,0
DA:1103,0
DA:1104,0
DA:1105,0
DA:1107,0
DA:1111,0
DA:1113,0
DA:1114,0
DA:1115,0
DA:1116,0
DA:1117,0
DA:1118,0
DA:1120,0
DA:1121,0
DA:1122,0
DA:1123,0
DA:1125,0
DA:1129,0
DA:1131,0
DA:1132,0
DA:1133,0
DA:1134,0
DA:1135,0
DA:1136,0
DA:1138,0
DA:1139,0
DA:1140,0
DA:1141,0
DA:1143,0
DA:1147,0
DA:1149,0
DA:1150,0
DA:1151,0
DA:1152,0
DA:1153,0
DA:1154,0
DA:1156,0
DA:1157,0
DA:1158,0
DA:1159,0
DA:1161,0
DA:1165,0
DA:1167,0
DA:1168,0
DA:1169,0
DA:1170,0
DA:1171,0
DA:1172,0
DA:1174,0
DA:1175,0
DA:1176,0
DA:1177,0
DA:1179,0
DA:1184,0
DA:1185,0
DA:1187,0
DA:1188,0
DA:1190,0
DA:1191,0
DA:1194,163381
DA:1196,163381
DA:1197,163381
DA:1198,163381
DA:1199,163381
DA:1200,163381
DA:1210,162917
DA:1214,162917
DA:1215,162917
DA:1217,851
DA:1218,851
DA:1220,162066
DA:1222,143161
DA:1223,143161
DA:1224,143161
DA:1225,31517
DA:1232,0
DA:1234,0
DA:1235,0
DA:1236,0
DA:1237,0
DA:1239,0
DA:1240,0
DA:1242,0
DA:1244,0
DA:1245,0
DA:1248,18905
DA:1249,18905
DA:1251,0
DA:1252,0
DA:1254,18905
DA:1256,19
DA:1258,19
DA:1259,19
DA:1260,19
DA:1261,19
DA:1262,19
DA:1263,48
DA:1264,29
DA:1267,9
DA:1269,9
DA:1270,9
DA:1271,9
DA:1272,9
DA:1273,9
DA:1274,27
DA:1276,18941
DA:1277,18
DA:1279,18
DA:1283,9
DA:1285,9
DA:1286,9
DA:1287,9
DA:1288,9
DA:1289,9
DA:1290,18
DA:1292,18
DA:1293,0
DA:1294,18932
DA:1295,9
DA:1297,9
DA:1301,18859
DA:1303,18859
DA:1304,18859
DA:1305,18859
DA:1306,18859
DA:1307,18859
DA:1308,37643
DA:1310,18859
DA:1311,0
DA:1312,56548
DA:1313,18784
DA:1315,18784
DA:1319,9
DA:1321,9
DA:1322,9
DA:1323,9
DA:1324,9
DA:1325,9
DA:1326,9
DA:1328,9
DA:1329,0
DA:1330,18914
DA:1331,0
DA:1333,0
DA:1337,0
DA:1339,0
DA:1340,0
DA:1341,0
DA:1342,0
DA:1343,0
DA:1344,0
DA:1346,0
DA:1347,0
DA:1348,18905
DA:1349,0
DA:1351,0
DA:1356,18905
DA:1357,18905
DA:1359,93
DA:1360,93
DA:1362,18812
DA:1363,18812
DA:1366,10
DA:1368,10
DA:1369,10
DA:1370,10
DA:1371,10
DA:1372,10
DA:1382,10
DA:1386,10
DA:1387,10
DA:1389,0
DA:1390,0
DA:1392,10
DA:1399,0
DA:1401,0
DA:1402,0
DA:1403,0
DA:1404,0
DA:1406,0
DA:1407,0
DA:1409,0
DA:1411,0
DA:1412,0
DA:1414,10
DA:1415,10
DA:1416,10
DA:1417,0
DA:1420,0
DA:1421,0
DA:1423,0
DA:1424,0
DA:1426,0
DA:1428,0
DA:1430,0
DA:1431,0
DA:1432,0
DA:1433,0
DA:1434,0
DA:1435,0
DA:1436,0
DA:1439,0
DA:1441,0
DA:1442,0
DA:1443,0
DA:1444,0
DA:1445,0
DA:1446,0
DA:1447,0
DA:1450,0
DA:1452,0
DA:1453,0
DA:1454,0
DA:1455,0
DA:1456,0
DA:1457,0
DA:1459,0
DA:1460,0
DA:1461,0
DA:1462,0
DA:1464,0
DA:1468,0
DA:1470,0
DA:1471,0
DA:1472,0
DA:1473,0
DA:1474,0
DA:1475,0
DA:1477,0
DA:1478,0
DA:1479,0
DA:1480,0
DA:1482,0
DA:1486,0
DA:1488,0
DA:1489,0
DA:1490,0
DA:1491,0
DA:1492,0
DA:1493,0
DA:1495,0
DA:1496,0
DA:1497,0
DA:1498,0
DA:1500,0
DA:1504,0
DA:1506,0
DA:1507,0
DA:1508,0
DA:1509,0
DA:1510,0
DA:1511,0
DA:1513,0
DA:1514,0
DA:1515,0
DA:1516,0
DA:1518,0
DA:1523,0
DA:1524,0
DA:1526,0
DA:1527,0
DA:1529,0
DA:1530,0
DA:1533,8706
DA:1535,8706
DA:1536,8706
DA:1537,8706
DA:1538,8706
DA:1539,8706
DA:1549,8706
DA:1553,8706
DA:1554,8706
DA:1556,8538
DA:1557,8538
DA:1559,168
DA:1561,168
DA:1562,168
DA:1563,168
DA:1564,92
DA:1571,0
DA:1573,0
DA:1574,0
DA:1575,0
DA:1576,0
DA:1578,0
DA:1579,0
DA:1581,0
DA:1583,0
DA:1584,0
DA:1587,0
DA:1588,0
DA:1590,0
DA:1591,0
DA:1593,0
DA:1595,0
DA:1597,0
DA:1598,0
DA:1599,0
DA:1600,0
DA:1601,0
DA:1602,0
DA:1603,0
DA:1606,0
DA:1608,0
DA:1609,0
DA:1610,0
DA:1611,0
DA:1612,0
DA:1613,0
DA:1615,0
DA:1616,0
DA:1618,0
DA:1622,0
DA:1624,0
DA:1625,0
DA:1626,0
DA:1627,0
DA:1628,0
DA:1629,0
DA:1631,0
DA:1632,0
DA:1633,0
DA:1637,0
DA:1639,0
DA:1640,0
DA:1641,0
DA:1642,0
DA:1643,0
DA:1644,0
DA:1646,0
DA:1647,0
DA:1648,0
DA:1649,0
DA:1651,0
DA:1655,0
DA:1657,0
DA:1658,0
DA:1659,0
DA:1660,0
DA:1661,0
DA:1662,0
DA:1664,0
DA:1665,0
DA:1666,0
DA:1667,0
DA:1669,0
DA:1673,0
DA:1675,0
DA:1676,0
DA:1677,0
DA:1678,0
DA:1679,0
DA:1680,0
DA:1682,0
DA:1683,0
DA:1684,0
DA:1685,0
DA:1687,0
DA:1692,0
DA:1693,0
DA:1695,0
DA:1696,0
DA:1698,0
DA:1699,0
DA:1702,35
DA:1704,35
DA:1705,35
DA:1706,35
DA:1707,35
DA:1708,35
DA:1718,35
DA:1722,35
DA:1723,35
DA:1725,9
DA:1726,9
DA:1728,26
DA:1735,0
DA:1737,0
DA:1738,0
DA:1739,0
DA:1740,0
DA:1742,0
DA:1743,0
DA:1745,0
DA:1747,0
DA:1748,0
DA:1750,26
DA:1751,26
DA:1752,26
DA:1753,0
DA:1756,0
DA:1757,0
DA:1759,0
DA:1760,0
DA:1762,0
DA:1764,0
DA:1766,0
DA:1767,0
DA:1768,0
DA:1769,0
DA:1770,0
DA:1771,0
DA:1772,0
DA:1775,0
DA:1777,0
DA:1778,0
DA:1779,0
DA:1780,0
DA:1781,0
DA:1782,0
DA:1783,0
DA:1786,0
DA:1788,0
DA:1789,0
DA:1790,0
DA:1791,0
DA:1792,0
DA:1793,0
DA:1795,0
DA:1796,0
DA:1797,0
DA:1801,0
DA:1803,0
DA:1804,0
DA:1805,0
DA:1806,0
DA:1807,0
DA:1808,0
DA:1810,0
DA:1811,0
DA:1812,0
DA:1816,0
DA:1818,0
DA:1819,0
DA:1820,0
DA:1821,0
DA:1822,0
DA:1823,0
DA:1825,0
DA:1826,0
DA:1827,0
DA:1828,0
DA:1830,0
DA:1834,0
DA:1836,0
DA:1837,0
DA:1838,0
DA:1839,0
DA:1840,0
DA:1841,0
DA:1843,0
DA:1844,0
DA:1845,0
DA:1846,0
DA:1848,0
DA:1853,0
DA:1854,0
DA:1856,0
DA:1857,0
DA:1859,0
DA:1860,0
DA:1863,102282
DA:1865,102282
DA:1866,102282
DA:1867,102282
DA:1868,102282
DA:1869,102282
DA:1879,102084
DA:1883,102084
DA:1884,102084
DA:1886,1256
DA:1887,1256
DA:1889,100828
DA:1891,23
DA:1892,23
DA:1893,23
DA:1894,0
DA:1901,0
DA:1903,0
DA:1904,0
DA:1905,0
DA:1906,0
DA:1908,0
DA:1909,0
DA:1911,0
DA:1913,0
DA:1914,0
DA:1917,100805
DA:1918,100805
DA:1920,0
DA:1921,0
DA:1923,100805
DA:1925,1
DA:1927,1
DA:1928,1
DA:1929,1
DA:1930,1
DA:1931,1
DA:1932,3
DA:1933,2
DA:1936,9
DA:1938,9
DA:1939,9
DA:1940,9
DA:1941,9
DA:1942,9
DA:1943,9
DA:1945,100814
DA:1946,0
DA:1948,0
DA:1952,20
DA:1954,20
DA:1955,20
DA:1956,20
DA:1957,20
DA:1958,20
DA:1959,40
DA:1961,20
DA:1962,0
DA:1963,20
DA:1967,0
DA:1969,0
DA:1970,0
DA:1971,0
DA:1972,0
DA:1973,0
DA:1974,0
DA:1976,0
DA:1977,0
DA:1978,100805
DA:1979,0
DA:1981,0
DA:1985,100766
DA:1987,100766
DA:1988,100766
DA:1989,100766
DA:1990,100766
DA:1991,100766
DA:1992,450863
DA:1994,350097
DA:1995,190739
DA:1996,350097
DA:2000,9
DA:2002,9
DA:2003,9
DA:2004,9
DA:2005,9
DA:2006,9
DA:2007,27
DA:2009,18
DA:2010,0
DA:2011,100841
DA:2012,18
DA:2014,18
DA:2019,100805
DA:2020,100805
DA:2022,9
DA:2023,9
DA:2025,100796
DA:2026,100796
DA:2029,0
DA:2031,0
DA:2032,0
DA:2033,0
DA:2034,0
DA:2035,0
DA:2045,0
DA:2049,0
DA:2050,0
DA:2052,0
DA:2053,0
DA:2055,0
DA:2062,0
DA:2064,0
DA:2065,0
DA:2066,0
DA:2067,0
DA:2069,0
DA:2070,0
DA:2072,0
DA:2074,0
DA:2075,0
DA:2077,0
DA:2078,0
DA:2079,0
DA:2080,0
DA:2083,0
DA:2084,0
DA:2086,0
DA:2087,0
DA:2089,0
DA:2091,0
DA:2093,0
DA:2094,0
DA:2095,0
DA:2096,0
DA:2097,0
DA:2098,0
DA:2099,0
DA:2102,0
DA:2104,0
DA:2105,0
DA:2106,0
DA:2107,0
DA:2108,0
DA:2109,0
DA:2110,0
DA:2113,0
DA:2115,0
DA:2116,0
DA:2117,0
DA:2118,0
DA:2119,0
DA:2120,0
DA:2122,0
DA:2123,0
DA:2124,0
DA:2128,0
DA:2130,0
DA:2131,0
DA:2132,0
DA:2133,0
DA:2134,0
DA:2135,0
DA:2137,0
DA:2138,0
DA:2139,0
DA:2143,0
DA:2145,0
DA:2146,0
DA:2147,0
DA:2148,0
DA:2149,0
DA:2150,0
DA:2152,0
DA:2153,0
DA:2154,0
DA:2158,0
DA:2160,0
DA:2161,0
DA:2162,0
DA:2163,0
DA:2164,0
DA:2165,0
DA:2167,0
DA:2168,0
DA:2169,0
DA:2174,0
DA:2175,0
DA:2176,0
DA:2179,113
DA:2181,113
DA:2182,113
DA:2183,113
DA:2184,113
DA:2185,113
DA:2199,113
DA:2203,113
DA:2204,113
DA:2206,9
DA:2207,9
DA:2209,104
DA:2211,0
DA:2212,0
DA:2213,0
DA:2214,0
DA:2215,0
DA:2216,0
DA:2218,104
DA:2219,104
DA:2221,0
DA:2222,0
DA:2224,104
DA:2226,0
DA:2228,0
DA:2229,0
DA:2230,0
DA:2231,0
DA:2232,0
DA:2233,0
DA:2234,0
DA:2237,0
DA:2239,0
DA:2240,0
DA:2241,0
DA:2242,0
DA:2243,0
DA:2244,0
DA:2245,0
DA:2248,0
DA:2250,0
DA:2251,0
DA:2252,0
DA:2253,0
DA:2254,0
DA:2255,0
DA:2257,0
DA:2258,0
DA:2259,0
DA:2263,0
DA:2265,0
DA:2266,0
DA:2267,0
DA:2268,0
DA:2269,0
DA:2270,0
DA:2272,0
DA:2273,0
DA:2274,0
DA:2278,0
DA:2280,0
DA:2281,0
DA:2282,0
DA:2283,0
DA:2284,0
DA:2285,0
DA:2287,0
DA:2288,0
DA:2289,0
DA:2293,0
DA:2295,0
DA:2296,0
DA:2297,0
DA:2298,0
DA:2299,0
DA:2300,0
DA:2302,0
DA:2303,0
DA:2304,0
DA:2308,0
DA:2310,0
DA:2311,0
DA:2312,0
DA:2313,0
DA:2314,0
DA:2315,0
DA:2317,0
DA:2318,0
DA:2327,0
DA:2332,0
DA:2334,0
DA:2335,0
DA:2336,0
DA:2337,0
DA:2338,0
DA:2339,0
DA:2341,0
DA:2342,0
DA:2343,0
DA:2347,104
DA:2349,104
DA:2350,104
DA:2351,104
DA:2352,104
DA:2353,104
DA:2354,104
DA:2355,104
DA:2356,248
DA:2358,144
DA:2359,0
DA:2360,144
DA:2361,144
DA:2362,0
DA:2363,144
DA:2364,144
DA:2365,0
DA:2367,144
DA:2371,0
DA:2373,0
DA:2374,0
DA:2375,0
DA:2376,0
DA:2377,0
DA:2378,0
DA:2379,0
DA:2380,0
DA:2382,0
DA:2383,0
DA:2384,0
DA:2385,0
DA:2386,0
DA:2387,0
DA:2388,0
DA:2389,0
DA:2390,0
DA:2392,0
DA:2396,0
DA:2398,0
DA:2399,0
DA:2400,0
DA:2401,0
DA:2402,0
DA:2403,0
DA:2404,0
DA:2405,0
DA:2406,0
DA:2407,0
DA:2411,104
DA:2412,104
DA:2413,104
DA:2417,9
DA:2419,9
DA:2420,9
DA:2421,9
DA:2422,9
DA:2423,9
DA:2437,9
DA:2441,9
DA:2442,9
DA:2444,0
DA:2445,0
DA:2447,9
DA:2449,0
DA:2450,0
DA:2451,0
DA:2452,0
DA:2453,0
DA:2454,0
DA:2456,9
DA:2457,9
DA:2459,0
DA:2460,0
DA:2462,9
DA:2464,0
DA:2466,0
DA:2467,0
DA:2468,0
DA:2469,0
DA:2470,0
DA:2471,0
DA:2472,0
DA:2475,0
DA:2477,0
DA:2478,0
DA:2479,0
DA:2480,0
DA:2481,0
DA:2482,0
DA:2483,0
DA:2486,9
DA:2488,9
DA:2489,9
DA:2490,9
DA:2491,9
DA:2492,9
DA:2493,27
DA:2495,18
DA:2496,0
DA:2497,18
DA:2501,0
DA:2503,0
DA:2504,0
DA:2505,0
DA:2506,0
DA:2507,0
DA:2508,0
DA:2510,0
DA:2511,0
DA:2512,0
DA:2516,0
DA:2518,0
DA:2519,0
DA:2520,0
DA:2521,0
DA:2522,0
DA:2523,0
DA:2525,0
DA:2526,0
DA:2527,0
DA:2531,0
DA:2533,0
DA:2534,0
DA:2535,0
DA:2536,0
DA:2537,0
DA:2538,0
DA:2540,0
DA:2541,0
DA:2542,0
DA:2546,0
DA:2548,0
DA:2549,0
DA:2550,0
DA:2551,0
DA:2552,0
DA:2553,0
DA:2555,0
DA:2556,0
DA:2565,0
DA:2570,0
DA:2572,0
DA:2573,0
DA:2574,0
DA:2575,0
DA:2576,0
DA:2577,0
DA:2579,0
DA:2580,0
DA:2581,0
DA:2585,0
DA:2587,0
DA:2588,0
DA:2589,0
DA:2590,0
DA:2591,0
DA:2592,0
DA:2593,0
DA:2594,0
DA:2596,0
DA:2597,0
DA:2598,0
DA:2599,0
DA:2600,0
DA:2601,0
DA:2602,0
DA:2603,0
DA:2605,0
DA:2609,0
DA:2611,0
DA:2612,0
DA:2613,0
DA:2614,0
DA:2615,0
DA:2616,0
DA:2617,0
DA:2618,0
DA:2620,0
DA:2621,0
DA:2622,0
DA:2623,0
DA:2624,0
DA:2625,0
DA:2626,0
DA:2627,0
DA:2628,0
DA:2630,0
DA:2634,0
DA:2636,0
DA:2637,0
DA:2638,0
DA:2639,0
DA:2640,0
DA:2641,0
DA:2642,0
DA:2643,0
DA:2644,0
DA:2645,0
DA:2649,9
DA:2650,9
DA:2651,9
DA:2654,20
DA:2656,20
DA:2657,20
DA:2658,20
DA:2659,20
DA:2660,20
DA:2666,0
DA:2670,0
DA:2671,0
DA:2673,0
DA:2674,0
DA:2676,0
DA:2678,0
DA:2680,0
DA:2681,0
DA:2682,0
DA:2685,0
DA:2686,0
DA:2688,0
DA:2689,0
DA:2691,0
DA:2693,0
DA:2696,0
DA:2697,0
DA:2698,0
DA:2699,0
DA:2700,0
DA:2701,0
DA:2703,0
DA:2704,0
DA:2705,0
DA:2710,0
DA:2711,0
DA:2712,0
DA:2715,101870
DA:2717,101870
DA:2718,101870
DA:2719,101870
DA:2720,101870
DA:2721,101870
DA:2723,101407
DA:2724,101407
DA:2726,100380
DA:2727,100380
DA:2728,100380
DA:2729,100380
DA:2730,219906
DA:2732,120248
DA:2737,119526
DA:2739,100380
DA:2740,100380
DA:2773,36
DA:2775,36
DA:2776,36
DA:2779,28
DA:2781,28
DA:2782,10
DA:2785,477675
DA:2787,477675
DA:2789,477675
DA:2790,77194
DA:2793,18
DA:2795,18
DA:2796,18
DA:2797,0
DA:2800,33
DA:2802,33
DA:2803,33
DA:2804,0
DA:2807,29
DA:2809,29
DA:2810,29
DA:2811,0
DA:2814,32
DA:2816,32
DA:2818,32
DA:2819,32
DA:2820,32
DA:2821,0
DA:2822,32
DA:2823,32
DA:2824,0
DA:2827,0
DA:2828,32
DA:2829,0
DA:2833,405
DA:2835,405
DA:2837,405
DA:2838,405
DA:2839,405
DA:2840,0
DA:2841,405
DA:2842,405
DA:2843,405
DA:2846,0
DA:2847,0
DA:2848,0
DA:2852,78108
DA:2854,78108
DA:2856,78108
DA:2857,78108
DA:2858,78108
DA:2859,78108
DA:2861,78108
DA:2862,78108
DA:2863,78108
DA:2864,0
DA:2865,78108
DA:2866,78108
DA:2867,299
DA:2870,0
DA:2871,77809
DA:2872,0
DA:2873,77809
DA:2874,81
DA:2876,77728
DA:2880,0
DA:2882,0
DA:2883,0
DA:2884,0
DA:2885,0
DA:2886,0
DA:2887,0
DA:2889,0
DA:2890,0
DA:2891,0
DA:2892,0
DA:2893,0
DA:2894,0
DA:2895,0
DA:2898,0
DA:2899,0
DA:2900,0
DA:2901,0
DA:2902,0
DA:2904,0
DA:2908,9
DA:2910,9
DA:2915,9
DA:2916,9
DA:2917,9
DA:2918,9
DA:2919,9
DA:2920,9
DA:2921,0
DA:2924,9
DA:2926,9
DA:2927,9
DA:2928,9
DA:2929,9
DA:2931,9
DA:2932,9
DA:2933,9
DA:2934,0
DA:2935,9
DA:2936,9
DA:2937,0
DA:2941,0
DA:2942,0
DA:2943,0
DA:2945,9
DA:2946,0
DA:2950,189
DA:2952,189
DA:2955,189
DA:2958,70
DA:2960,70
DA:2963,61
DA:2966,0
DA:2968,0
DA:2971,0
DA:2974,9
DA:2976,9
DA:2979,0
DA:2982,0
DA:2984,0
DA:2987,0
DA:2990,0
DA:2992,0
DA:2995,0
DA:2998,0
DA:3000,0
DA:3003,0
DA:3006,0
DA:3008,0
DA:3011,0
DA:3014,0
DA:3016,0
DA:3019,0
DA:3022,0
DA:3024,0
DA:3027,0
DA:3030,0
DA:3032,0
DA:3035,0
DA:3038,0
DA:3040,0
DA:3043,0
DA:3046,0
DA:3048,0
DA:3051,0
DA:3054,0
DA:3056,0
DA:3059,0
DA:3062,27
DA:3064,27
DA:3067,27
DA:3070,9
DA:3072,9
DA:3075,9
DA:3078,28
DA:3080,28
DA:3083,19
DA:3086,18879
DA:3088,18879
DA:3091,18804
DA:3094,20
DA:3096,20
DA:3099,0
DA:3102,0
DA:3104,0
DA:3107,0
DA:3110,0
DA:3112,0
DA:3115,0
DA:3118,0
DA:3120,0
DA:3123,0
DA:3126,0
DA:3128,0
DA:3131,0
DA:3134,0
DA:3136,0
DA:3139,0
DA:3142,0
DA:3144,0
DA:3147,0
DA:3150,9
DA:3152,9
DA:3155,9
DA:3158,9
DA:3160,9
DA:3163,9
DA:3166,9
DA:3168,9
DA:3171,9
DA:3184,11
DA:3186,11
DA:3189,0
DA:3193,0
DA:3195,0
DA:3198,0
DA:3204,0
DA:3206,0
DA:3209,0
DA:3213,0
DA:3215,0
DA:3218,0
DA:3222,0
DA:3224,0
DA:3227,0
DA:3231,9
DA:3233,9
DA:3236,0
DA:3240,0
DA:3242,0
DA:3245,0
DA:3249,18
DA:3251,18
DA:3254,18
DA:3258,0
DA:3260,0
DA:3263,0
DA:3276,0
DA:3278,0
DA:3281,0
DA:3287,372472
DA:3289,372472
DA:3290,372472
DA:3291,0
DA:3293,0
DA:3294,0
DA:3296,372472
DA:3297,372472
DA:3298,372472
DA:3299,372472
DA:3302,372472
DA:3303,372472
DA:3306,264976
DA:3311,114712
DA:3313,114712
DA:3314,7091
DA:3315,2869
DA:3316,2869
DA:3319,2869
DA:3320,907
DA:3321,907
DA:3324,907
DA:3325,2062
DA:3326,2062
DA:3329,2062
DA:3330,124
DA:3331,124
DA:3334,124
DA:3335,722
DA:3336,722
DA:3339,722
DA:3340,407
DA:3341,407
DA:3344,407
DA:3345,0
DA:3346,0
DA:3349,0
DA:3351,0
DA:3355,107621
DA:3356,923
DA:3357,923
DA:3360,923
DA:3361,800
DA:3362,800
DA:3365,800
DA:3366,105434
DA:3367,105434
DA:3370,105434
DA:3371,18
DA:3372,18
DA:3375,18
DA:3376,0
DA:3377,0
DA:3380,0
DA:3381,446
DA:3382,446
DA:3385,446
DA:3386,0
DA:3387,0
DA:3390,0
DA:3392,0
DA:3396,114712
DA:3403,333926
DA:3405,333926
DA:3406,333926
DA:3407,333926
DA:3408,333926
DA:3409,333926
DA:3410,333926
DA:3411,333926
DA:3412,333926
DA:3413,333926
DA:3415,333926
DA:3416,333926
DA:3418,286112
DA:3419,286112
DA:3420,286112
DA:3421,286112
DA:3422,286112
DA:3424,179428
DA:3426,179428
DA:3428,106684
DA:3435,106684
DA:3436,106684
DA:3437,1571191
DA:3439,1464507
DA:3440,1464507
DA:3441,129252538
DA:3443,127788031
DA:3444,336057
DA:3449,106684
DA:3450,106684
DA:3452,106684
DA:3453,106684
DA:3460,106684
DA:3478,213368
DA:3479,106684
DA:3481,66119
DA:3482,467
DA:3483,65652
DA:3485,212434
DA:3486,106217
DA:3494,66373
DA:3495,66373
DA:3496,66373
DA:3497,66373
DA:3498,367
DA:3499,66373
DA:3501,817
DA:3502,817
DA:3504,65556
DA:3505,0
DA:3506,65556
DA:3510,39844
DA:3511,0
DA:3516,1381606
DA:3518,1288804
DA:3520,1108812
DA:3521,1108812
DA:3523,103998
DA:3528,103998
DA:3529,103998
DA:3530,103998
DA:3531,103998
DA:3533,0
DA:3537,0
DA:3538,0
DA:3540,103998
DA:3541,103998
DA:3545,1288804
DA:3547,1108812
DA:3548,1108812
DA:3549,274
DA:3552,1108538
DA:3554,127954
DA:3558,127954
DA:3559,127954
DA:3560,308851
DA:3569,308851
DA:3570,12598
DA:3571,296253
DA:3572,296253
DA:3585,92802
DA:3586,0
DA:3588,0
DA:3590,0
DA:3591,0
DA:3593,0
DA:3595,0
DA:3597,0
DA:3598,0
DA:3607,92802
DA:3609,77240
DA:3610,38620
DA:3615,54182
DA:3616,54165
DA:3617,54165
DA:3618,54165
DA:3619,54165
DA:3620,54165
DA:3622,17
DA:3623,17
DA:3625,54182
DA:3626,150
DA:3628,150
DA:3629,150
DA:3631,54032
DA:3632,54032
DA:3633,40815
DA:3634,54032
DA:3635,1267
DA:3636,0
DA:3646,0
DA:3648,2534
DA:3649,1267
DA:3650,1267
DA:3656,970039
DA:3658,920634
DA:3662,101651
DA:3678,101651
DA:3679,101651
DA:3680,101651
DA:3681,101651
DA:3682,101503
DA:3683,101651
DA:3685,1882
DA:3686,1882
DA:3687,1908
DA:3689,99769
DA:3690,26
DA:3691,99743
DA:3692,51463
DA:3694,99743
DA:3695,19
DA:3699,19
DA:3700,19
DA:3701,19
DA:3702,19
DA:3703,19
DA:3706,9
DA:3707,9
DA:3709,10
DA:3710,10
DA:3711,10
DA:3713,9
DA:3714,9
DA:3715,9
DA:3716,9
DA:3717,9
DA:3718,9
DA:3719,0
DA:3721,9
DA:3722,51912
DA:3728,51912
DA:3729,1030
DA:3732,50350
DA:3738,50350
DA:3739,412
DA:3742,65
DA:3745,65
DA:3746,65
DA:3747,65
DA:3748,65
DA:3749,65
DA:3755,65
DA:3757,0
DA:3758,0
DA:3761,0
DA:3763,65
DA:3764,65
DA:3771,65
DA:3772,65
DA:3774,65
DA:3777,24
DA:3778,24
DA:3780,41
DA:3781,41
DA:3785,24
DA:3786,24
DA:3789,65
DA:3791,46
DA:3793,46
DA:3794,46
DA:3795,46
DA:3797,18
DA:3803,9
DA:3804,9
DA:3807,46
DA:3809,367468
DA:3810,367468
DA:3811,367468
DA:3830,49405
DA:3832,0
DA:3834,0
DA:3836,0
DA:3837,0
DA:3839,0
DA:3841,0
DA:3842,0
DA:3846,0
DA:3848,0
DA:3850,0
DA:3851,0
DA:3853,0
DA:3855,0
DA:3857,0
DA:3860,0
DA:3861,0
DA:3863,0
DA:3865,0
DA:3868,0
DA:3869,0
DA:3871,0
DA:3878,0
DA:3879,0
DA:3886,49405
DA:3887,24
DA:3888,0
DA:3889,0
DA:3890,0
DA:3891,0
DA:3893,0
DA:3894,0
DA:3902,49405
DA:3907,49405
DA:3913,528
DA:3914,528
DA:3915,202
DA:3916,202
DA:3917,304
DA:3918,152
DA:3920,376
DA:3923,376
DA:3924,271
DA:3946,48877
DA:3948,757
DA:3949,741
DA:3956,408
DA:3958,408
DA:3959,12
DA:3962,48469
DA:3963,10002
DA:3964,9642
DA:3965,9625
DA:3966,164
DA:3967,164
DA:3978,164
DA:3980,164
DA:3981,0
DA:3985,48970
DA:3987,48970
DA:3988,48970
DA:3990,48970
DA:3992,48962
DA:3993,25
DA:3995,48937
DA:4003,48970
DA:4004,48223
DA:4006,48223
DA:4007,160895
DA:4008,123125
DA:4009,123125
DA:4010,10453
DA:4011,10453
DA:4020,48970
DA:4031,48970
DA:4032,10400
DA:4033,676
DA:4034,413
DA:4036,0
DA:4038,0
DA:4044,48970
DA:4045,48970
DA:4050,48970
DA:4051,48970
DA:4052,48970
DA:4053,48970
DA:4054,48970
DA:4056,48970
DA:4057,48970
DA:4058,273
DA:4060,273
DA:4063,48697
DA:4064,17
DA:4065,17
DA:4066,0
DA:4068,0
DA:4071,48680
DA:4072,0
DA:4074,0
DA:4078,57714
DA:4079,57714
DA:4080,57714
DA:4085,106684
DA:4087,106684
DA:4088,106684
DA:4089,106684
DA:4090,106684
DA:4091,106684
DA:4092,1267993
DA:4094,1206388
DA:4096,45079
DA:4098,45079
DA:4100,1161309
DA:4102,106684
DA:4105,212901
DA:4107,212901
DA:4108,212901
DA:4109,212901
DA:4110,1395245
DA:4112,1314836
DA:4119,1955248
DA:4121,1955248
DA:4122,1955248
DA:4123,1955248
DA:4124,12316299
DA:4126,12316299
DA:4128,103998
DA:4129,103998
DA:4131,12212301
DA:4132,12212301
DA:4134,10361051
DA:4137,8712973
DA:4139,1851250
DA:4141,1851250
DA:4143,1799581
DA:4145,0
DA:4147,1851250
DA:4155,0
DA:4158,0
DA:4159,0
DA:4160,0
DA:4161,0
DA:4162,0
DA:4163,0
DA:4164,0
DA:4165,0
DA:4166,0
DA:4167,0
DA:4169,0
DA:4171,0
DA:4173,0
DA:4174,0
DA:4175,0
DA:4176,0
DA:4178,0
DA:4179,0
DA:4181,0
DA:4184,0
DA:4185,0
DA:4186,0
DA:4188,0
DA:4190,0
DA:4191,0
DA:4193,0
DA:4194,0
DA:4197,0
DA:4199,0
DA:4200,0
DA:4201,0
DA:4205,0
DA:4207,0
DA:4208,0
DA:4209,0
DA:4211,0
DA:4212,0
DA:4216,0
DA:4218,0
DA:4220,0
DA:4221,0
DA:4226,0
DA:4229,0
DA:4230,0
DA:4231,0
DA:4233,0
DA:4234,0
DA:4235,0
DA:4239,0
DA:4243,0
DA:4244,0
DA:4245,0
DA:4246,0
DA:4247,0
DA:4248,0
DA:4252,0
DA:4253,0
DA:4262,0
DA:4264,0
DA:4265,0
DA:4266,0
DA:4270,948
DA:4272,948
DA:4274,948
DA:4275,948
DA:4276,948
DA:4278,948
DA:4281,948
DA:4282,572
DA:4283,1896
DA:4284,948
DA:4286,948
DA:4289,948
DA:4290,387
DA:4291,387
DA:4292,387
DA:4293,387
DA:4294,387
DA:4295,387
DA:4297,0
DA:4299,4710
DA:4301,4606
DA:4302,4606
DA:4303,4606
DA:4304,4606
DA:4305,283
DA:4307,283
DA:4308,283
DA:4310,4323
DA:4311,4323
DA:4313,4323
DA:4314,2893
DA:4318,0
DA:4319,0
DA:4321,4323
DA:4323,104
DA:4324,104
DA:4325,103
DA:4326,311
DA:4327,207
DA:4335,104
DA:4336,104
DA:4337,104
DA:4338,561
DA:4339,0
DA:4341,0
DA:4342,0
DA:4344,561
DA:4345,561
DA:4346,4630
DA:4347,4069
DA:4349,665
DA:4350,665
DA:4351,387
DA:4356,40039
DA:4358,40039
DA:4360,40039
DA:4372,333926
DA:4374,333926
DA:4376,333926
DA:4378,286112
DA:4379,0
DA:4381,0
DA:4384,287009
DA:4385,897
DA:4389,286112
DA:4391,286112
DA:4392,285215
DA:4398,285215
DA:4400,285215
DA:4402,285215
DA:4403,0
DA:4405,285215
DA:4406,285215
DA:4409,286112
DA:4411,286112
DA:4419,0
DA:4421,0
DA:4422,0
DA:4423,0
DA:4427,0
DA:4428,0
DA:4429,0
DA:4430,0
DA:4434,0
DA:4435,0
DA:4446,286113
DA:4449,286113
DA:4451,286113
DA:4452,286113
DA:4453,286112
DA:4454,286112
DA:4455,286112
DA:4456,286112
DA:4457,286112
DA:4459,286112
DA:4461,286112
DA:4462,286112
DA:4463,286112
DA:4464,286112
DA:4465,0
DA:4466,0
DA:4469,0
DA:4471,0
DA:4473,0
DA:4474,0
DA:4477,0
DA:4479,0
DA:4480,0
DA:4481,0
DA:4483,0
DA:4485,0
DA:4489,0
DA:4490,0
DA:4491,0
DA:4494,0
DA:4496,0
DA:4497,0
DA:4498,0
DA:4500,0
DA:4502,0
DA:4504,0
DA:4505,0
DA:4507,0
DA:4509,0
DA:4511,0
DA:4512,0
DA:4515,0
DA:4516,0
DA:4522,0
DA:4524,0
DA:4526,0
DA:4527,0
DA:4528,0
DA:4529,0
DA:4530,0
DA:4531,0
DA:4533,0
DA:4534,0
DA:4535,0
DA:4536,0
DA:4540,286112
DA:4541,286112
DA:4542,286112
DA:4557,286112
DA:4559,286112
DA:4560,286112
DA:4561,18965
DA:4563,18965
DA:4565,267147
DA:4568,267147
DA:4569,267147
DA:4570,80313
DA:4571,267147
DA:4573,72942
DA:4575,72942
DA:4581,0
DA:4582,0
DA:4583,0
DA:4584,0
DA:4585,0
DA:4587,0
DA:4589,0
DA:4592,0
DA:4593,0
DA:4594,0
DA:4595,0
DA:4597,0
DA:4599,0
DA:4601,0
DA:4602,0
DA:4604,194205
DA:4606,38745
DA:4608,38745
DA:4610,155460
DA:4613,155460
DA:4615,155460
DA:4616,155460
DA:4617,48776
DA:4619,48776
DA:4620,48776
DA:4622,106684
DA:4625,106684
DA:4626,106684
DA:4627,106684
DA:4629,106684
DA:4630,106684
DA:4631,106684
DA:4632,149
DA:4634,106535
DA:4636,106684
DA:4637,29765
DA:4638,106684
DA:4642,0
DA:4643,0
DA:4644,0
DA:4646,0
DA:4648,0
DA:4649,0
DA:4653,106684
DA:4656,106684
DA:4658,0
DA:4659,0
DA:4663,1571191
DA:4665,1464507
DA:4666,324562
DA:4667,1464507
DA:4668,1464507
DA:4669,1464507
DA:4670,324562
DA:4671,1464507
DA:4672,1464507
DA:4673,1464507
DA:4675,1464507
DA:4676,324562
DA:4677,1464507
DA:4678,1464507
DA:4679,1464507
DA:4680,1464507
DA:4684,0
DA:4685,0
DA:4686,0
DA:4687,0
DA:4688,0
DA:4689,0
DA:4691,1464507
DA:4693,106684
DA:4694,106684
DA:4695,106684
DA:4702,742438
DA:4704,742438
DA:4705,742438
DA:4706,742438
DA:4707,742438
DA:4708,742438
DA:4709,742438
DA:4711,0
DA:4714,0
DA:4716,742438
DA:4717,742438
DA:4718,742438
DA:4719,742438
DA:4720,742438
DA:4721,742438
DA:4725,170933
DA:4727,170933
DA:4728,170933
DA:4729,170933
DA:4730,170933
DA:4732,65240
DA:4733,65240
DA:4734,65240
DA:4735,65240
DA:4736,65240
DA:4737,1608014
DA:4739,1607458
DA:4741,1542774
DA:4742,1542774
DA:4744,65240
DA:4745,38514
DA:4746,26726
DA:4748,556
DA:4749,556
DA:4750,556
DA:4753,556
DA:4754,556
DA:4756,0
DA:4757,0
DA:4758,0
DA:4760,556
DA:4761,556
DA:4762,556
DA:4763,542
DA:4764,556
DA:4766,65240
DA:4767,65240
DA:4768,65240
DA:4769,65240
DA:4773,170933
DA:4774,0
DA:4776,0
DA:4777,0
DA:4778,0
DA:4779,0
DA:4780,0
DA:4782,0
DA:4783,0
DA:4786,0
DA:4787,219579
DA:4789,219579
DA:4790,219579
DA:4791,219579
DA:4792,219579
DA:4793,219579
DA:4795,218213
DA:4796,351
DA:4799,219228
DA:4800,195568
DA:4802,195568
DA:4803,195568
DA:4804,195568
DA:4805,195568
DA:4806,195568
DA:4808,193868
DA:4809,14
DA:4812,195554
DA:4813,0
DA:4815,0
DA:4816,0
DA:4817,0
DA:4818,0
DA:4819,0
DA:4821,0
DA:4822,0
DA:4825,0
DA:4826,0
DA:4828,0
DA:4829,0
DA:4830,0
DA:4831,0
DA:4832,0
DA:4834,0
DA:4835,0
DA:4838,0
DA:4839,78746
DA:4841,78746
DA:4842,78746
DA:4843,78746
DA:4844,78746
DA:4845,78746
DA:4847,77890
DA:4848,0
DA:4851,78746
DA:4852,9
DA:4854,9
DA:4855,9
DA:4856,9
DA:4857,9
DA:4858,9
DA:4860,0
DA:4861,0
DA:4864,9
DA:4865,10700
DA:4867,10700
DA:4868,10700
DA:4869,10700
DA:4870,10700
DA:4871,288
DA:4873,288
DA:4874,288
DA:4876,10412
DA:4877,10412
DA:4879,10282
DA:4880,10282
DA:4881,10282
DA:4882,10282
DA:4886,10412
DA:4887,0
DA:4889,0
DA:4890,0
DA:4891,0
DA:4892,0
DA:4893,0
DA:4895,0
DA:4896,0
DA:4900,0
DA:4901,0
DA:4903,0
DA:4904,0
DA:4905,0
DA:4906,0
DA:4907,0
DA:4912,0
DA:4913,0
DA:4915,0
DA:4916,0
DA:4917,0
DA:4918,0
DA:4922,0
DA:4923,0
DA:4925,0
DA:4926,0
DA:4927,0
DA:4928,0
DA:4929,0
DA:4930,0
DA:4934,0
DA:4935,0
DA:4937,0
DA:4938,0
DA:4939,0
DA:4940,0
DA:4944,0
DA:4945,0
DA:4947,0
DA:4948,0
DA:4949,0
DA:4950,0
DA:4951,0
DA:4952,0
DA:4956,0
DA:4957,21
DA:4959,21
DA:4960,21
DA:4961,21
DA:4962,21
DA:4966,8
DA:4967,8
DA:4969,8
DA:4970,8
DA:4971,8
DA:4972,8
DA:4973,8
DA:4974,0
DA:4978,8
DA:4979,9
DA:4981,9
DA:4982,9
DA:4983,9
DA:4984,9
DA:4988,9
DA:4989,9
DA:4991,9
DA:4992,9
DA:4993,9
DA:4994,9
DA:4995,9
DA:4996,9
DA:5000,0
DA:5001,0
DA:5003,0
DA:5004,0
DA:5005,0
DA:5006,0
DA:5010,0
DA:5011,0
DA:5013,0
DA:5014,0
DA:5015,0
DA:5016,0
DA:5017,0
DA:5018,0
DA:5022,0
DA:5023,50650
DA:5025,50650
DA:5026,50650
DA:5027,50650
DA:5028,50650
DA:5032,50469
DA:5033,50469
DA:5035,50240
DA:5036,50240
DA:5037,50240
DA:5038,50230
DA:5039,50240
DA:5040,9886
DA:5044,40583
DA:5045,0
DA:5047,0
DA:5048,0
DA:5049,0
DA:5050,0
DA:5054,0
DA:5055,0
DA:5057,0
DA:5058,0
DA:5059,0
DA:5060,0
DA:5061,0
DA:5062,0
DA:5066,0
DA:5067,0
DA:5069,0
DA:5070,0
DA:5071,0
DA:5072,0
DA:5076,0
DA:5077,0
DA:5079,0
DA:5080,0
DA:5081,0
DA:5082,0
DA:5083,0
DA:5084,0
DA:5088,0
DA:5089,0
DA:5091,0
DA:5092,0
DA:5093,0
DA:5094,0
DA:5098,0
DA:5099,0
DA:5101,0
DA:5102,0
DA:5103,0
DA:5104,0
DA:5105,0
DA:5106,0
DA:5110,0
DA:5111,0
DA:5113,0
DA:5114,0
DA:5115,0
DA:5116,0
DA:5120,0
DA:5121,0
DA:5123,0
DA:5124,0
DA:5125,0
DA:5126,0
DA:5127,0
DA:5128,0
DA:5132,0
DA:5133,20
DA:5135,20
DA:5136,20
DA:5137,20
DA:5138,20
DA:5142,20
DA:5143,20
DA:5145,0
DA:5146,0
DA:5147,0
DA:5148,0
DA:5149,0
DA:5150,0
DA:5154,20
DA:5155,299
DA:5157,299
DA:5158,299
DA:5159,299
DA:5160,299
DA:5161,299
DA:5163,102
DA:5164,102
DA:5165,102
DA:5166,102
DA:5167,102
DA:5168,0
DA:5171,299
DA:5172,104
DA:5174,104
DA:5175,104
DA:5176,104
DA:5177,104
DA:5178,104
DA:5180,43
DA:5181,43
DA:5182,43
DA:5183,14
DA:5184,43
DA:5185,29
DA:5188,75
DA:5189,0
DA:5191,0
DA:5192,0
DA:5193,0
DA:5194,0
DA:5195,0
DA:5197,0
DA:5198,0
DA:5199,0
DA:5200,0
DA:5201,0
DA:5202,0
DA:5205,0
DA:5206,1069
DA:5208,1069
DA:5209,1069
DA:5210,1069
DA:5211,1069
DA:5212,1069
DA:5214,1057
DA:5215,1057
DA:5216,1057
DA:5217,1057
DA:5218,1057
DA:5219,0
DA:5222,1069
DA:5223,10
DA:5225,10
DA:5226,10
DA:5227,10
DA:5228,10
DA:5229,10
DA:5231,10
DA:5232,10
DA:5233,10
DA:5234,10
DA:5235,10
DA:5236,0
DA:5239,10
DA:5240,8706
DA:5242,8706
DA:5243,8706
DA:5244,8706
DA:5245,8706
DA:5246,8706
DA:5248,8658
DA:5249,8658
DA:5250,8658
DA:5251,168
DA:5252,8658
DA:5253,8490
DA:5256,216
DA:5257,35
DA:5259,35
DA:5260,35
DA:5261,35
DA:5262,35
DA:5263,35
DA:5265,26
DA:5266,26
DA:5267,26
DA:5268,26
DA:5269,26
DA:5270,0
DA:5273,35
DA:5274,20
DA:5276,20
DA:5277,20
DA:5278,20
DA:5279,20
DA:5280,20
DA:5282,20
DA:5283,20
DA:5284,20
DA:5285,10
DA:5286,20
DA:5287,10
DA:5290,10
DA:5291,0
DA:5293,0
DA:5294,0
DA:5295,0
DA:5296,0
DA:5297,0
DA:5299,0
DA:5300,0
DA:5301,0
DA:5302,0
DA:5303,0
DA:5304,0
DA:5307,0
DA:5308,105
DA:5310,105
DA:5311,105
DA:5312,105
DA:5313,105
DA:5314,105
DA:5316,96
DA:5317,96
DA:5318,96
DA:5319,96
DA:5320,96
DA:5321,0
DA:5324,105
DA:5325,0
DA:5327,0
DA:5328,0
DA:5329,0
DA:5330,0
DA:5331,0
DA:5333,0
DA:5334,0
DA:5335,0
DA:5336,0
DA:5337,0
DA:5338,0
DA:5341,0
DA:5342,0
DA:5344,0
DA:5345,0
DA:5346,0
DA:5347,0
DA:5348,0
DA:5350,0
DA:5351,0
DA:5352,0
DA:5353,0
DA:5354,0
DA:5355,0
DA:5358,0
DA:5360,0
DA:5363,717506
DA:5365,110520
DA:5366,110520
DA:5376,102262
DA:5378,102262
DA:5379,102262
DA:5380,102262
DA:5381,102262
DA:5382,102262
DA:5384,1442
DA:5385,1442
DA:5386,1442
DA:5388,100820
DA:5390,21729
DA:5391,21729
DA:5392,21729
DA:5393,0
DA:5394,0
DA:5396,21729
DA:5398,19910
DA:5399,19910
DA:5402,1819
DA:5403,21729
DA:5404,21729
DA:5406,100820
DA:5407,100820
DA:5414,0
DA:5416,0
DA:5417,0
DA:5418,0
DA:5419,0
DA:5420,0
DA:5421,0
DA:5422,0
DA:5423,0
DA:5425,0
DA:5429,0
DA:5431,0
DA:5432,0
DA:5433,0
DA:5434,0
DA:5435,0
DA:5439,0
DA:5440,0
DA:5443,0
DA:5445,0
DA:5446,0
DA:5447,0
DA:5448,0
DA:5450,0
DA:5458,0
DA:5459,0
DA:5463,0
DA:5464,0
DA:5475,0
DA:5477,0
DA:5478,0
DA:5479,0
DA:5480,0
DA:5481,0
DA:5482,0
DA:5483,0
DA:5484,0
DA:5485,0
DA:5486,0
DA:5487,0
DA:5488,0
DA:5490,0
DA:5491,0
DA:5492,0
DA:5493,0
DA:5494,0
DA:5495,0
DA:5498,0
DA:5503,0
DA:5506,0
DA:5507,0
DA:5508,0
DA:5509,0
DA:5510,0
DA:5518,0
DA:5520,0
DA:5521,0
DA:5523,0
DA:5525,0
DA:5527,0
DA:5529,0
DA:5534,0
DA:5535,0
DA:5536,0
DA:5537,0
DA:5538,0
DA:5544,0
DA:5545,0
DA:5547,0
DA:5548,0
DA:5549,0
DA:5550,0
DA:5555,0
DA:5556,0
DA:5558,0
DA:5559,0
DA:5560,0
DA:5561,0
DA:5562,0
DA:5565,220014
DA:5607,220014
DA:5608,220014
end_of_record
TN:
SF:/home/g/Desktop/Fuzz/training/fuzzing_libtiff/tiff-4.0.4/libtiff/tif_codec.c
FN:106,_notConfigured
FNDA:0,_notConfigured
FN:120,NotConfigured
FNDA:0,NotConfigured
FN:144,TIFFIsCODECConfigured
FNDA:0,TIFFIsCODECConfigured
DA:106,0
DA:108,0
DA:109,0
DA:111,0
DA:112,0
DA:113,0
DA:116,0
DA:120,0
DA:122,0
DA:124,0
DA:125,0
DA:126,0
DA:127,0
DA:128,0
DA:129,0
DA:144,0
DA:146,0
DA:148,0
DA:151,0
DA:154,0
DA:155,0
end_of_record
TN:
SF:/home/g/Desktop/Fuzz/training/fuzzing_libtiff/tiff-4.0.4/libtiff/tif_strip.c
FN:38,TIFFComputeStrip
FNDA:0,TIFFComputeStrip
FN:61,TIFFNumberOfStrips
FNDA:102873,TIFFNumberOfStrips
FN:78,TIFFVStripSize64
FNDA:48685,TIFFVStripSize64
FN:130,TIFFVStripSize
FNDA:0,TIFFVStripSize
FN:149,TIFFRawStripSize64
FNDA:0,TIFFRawStripSize64
FN:174,TIFFRawStripSize
FNDA:0,TIFFRawStripSize
FN:203,TIFFStripSize64
FNDA:0,TIFFStripSize64
FN:212,TIFFStripSize
FNDA:48685,TIFFStripSize
FN:234,TIFFDefaultStripSize
FNDA:0,TIFFDefaultStripSize
FN:240,_TIFFDefaultStripSize
FNDA:0,_TIFFDefaultStripSize
FN:274,TIFFScanlineSize64
FNDA:98633,TIFFScanlineSize64
FN:331,TIFFScanlineSize
FNDA:48975,TIFFScanlineSize
FN:352,TIFFRasterScanlineSize64
FNDA:0,TIFFRasterScanlineSize64
FN:367,TIFFRasterScanlineSize
FNDA:0,TIFFRasterScanlineSize
DA:38,0
DA:40,0
DA:41,0
DA:42,0
DA:44,0
DA:45,0
DA:46,0
DA:47,0
DA:50,0
DA:52,0
DA:61,102873
DA:63,102873
DA:64,102873
DA:66,102873
DA:67,100399
DA:68,102873
DA:69,79430
DA:71,102873
DA:78,48685
DA:80,48685
DA:81,48685
DA:82,48685
DA:83,0
DA:84,48685
DA:85,10214
DA:86,0
DA:96,0
DA:97,0
DA:98,0
DA:99,0
DA:100,0
DA:101,0
DA:102,0
DA:104,0
DA:106,0
DA:108,0
DA:110,0
DA:111,0
DA:113,0
DA:116,0
DA:117,0
DA:119,0
DA:120,0
DA:121,0
DA:122,0
DA:123,0
DA:124,0
DA:127,48685
DA:130,0
DA:132,0
DA:133,0
DA:134,0
DA:135,0
DA:136,0
DA:137,0
DA:142,0
DA:149,0
DA:151,0
DA:152,0
DA:153,0
DA:155,0
DA:163,0
DA:168,0
DA:171,0
DA:174,0
DA:176,0
DA:177,0
DA:178,0
DA:179,0
DA:180,0
DA:184,0
DA:185,0
DA:191,0
DA:203,48685
DA:205,48685
DA:206,48685
DA:207,48685
DA:209,0
DA:212,48685
DA:214,48685
DA:215,48685
DA:216,48685
DA:217,48685
DA:218,48685
DA:219,48685
DA:224,48685
DA:234,0
DA:236,0
DA:240,0
DA:242,0
DA:248,0
DA:249,0
DA:250,0
DA:251,0
DA:253,0
DA:254,0
DA:258,0
DA:260,0
DA:274,98633
DA:276,98633
DA:277,98633
DA:278,98633
DA:279,98633
DA:281,21589
DA:282,8
DA:283,8
DA:284,8
DA:285,8
DA:286,8
DA:287,8
DA:288,8
DA:289,8
DA:290,8
DA:292,0
DA:294,0
DA:296,8
DA:299,8
DA:300,8
DA:302,0
DA:304,0
DA:306,8
DA:307,8
DA:308,8
DA:309,8
DA:310,8
DA:314,21581
DA:315,21581
DA:316,21581
DA:321,77044
DA:323,98633
DA:325,273
DA:326,273
DA:331,48975
DA:333,48975
DA:334,48975
DA:335,48975
DA:336,48975
DA:337,48975
DA:338,48975
DA:342,48975
DA:352,0
DA:354,0
DA:355,0
DA:356,0
DA:358,0
DA:359,0
DA:360,0
DA:361,0
DA:363,0
DA:364,0
DA:367,0
DA:369,0
DA:370,0
DA:371,0
DA:372,0
DA:373,0
DA:374,0
DA:379,0
end_of_record
TN:
SF:/home/g/Desktop/Fuzz/training/fuzzing_libtiff/tiff-4.0.4/libtiff/tif_read.c
FN:46,TIFFFillStripPartial
FNDA:0,TIFFFillStripPartial
FN:174,TIFFSeek
FNDA:0,TIFFSeek
FN:289,TIFFReadScanline
FNDA:0,TIFFReadScanline
FN:317,TIFFReadEncodedStrip
FNDA:0,TIFFReadEncodedStrip
FN:364,TIFFReadRawStrip1
FNDA:122624,TIFFReadRawStrip1
FN:438,TIFFReadRawStrip
FNDA:122931,TIFFReadRawStrip
FN:490,TIFFFillStrip
FNDA:0,TIFFFillStrip
FN:637,TIFFReadTile
FNDA:0,TIFFReadTile
FN:650,TIFFReadEncodedTile
FNDA:0,TIFFReadEncodedTile
FN:677,TIFFReadRawTile1
FNDA:0,TIFFReadRawTile1
FN:755,TIFFReadRawTile
FNDA:0,TIFFReadRawTile
FN:793,TIFFFillTile
FNDA:0,TIFFFillTile
FN:914,TIFFReadBufferSetup
FNDA:0,TIFFReadBufferSetup
FN:956,TIFFStartStrip
FNDA:0,TIFFStartStrip
FN:991,TIFFStartTile
FNDA:0,TIFFStartTile
FN:1034,TIFFCheckRead
FNDA:122931,TIFFCheckRead
FN:1050,_TIFFNoPostDecode
FNDA:0,_TIFFNoPostDecode
FN:1056,_TIFFSwab16BitData
FNDA:0,_TIFFSwab16BitData
FN:1064,_TIFFSwab24BitData
FNDA:0,_TIFFSwab24BitData
FN:1072,_TIFFSwab32BitData
FNDA:0,_TIFFSwab32BitData
FN:1080,_TIFFSwab64BitData
FNDA:0,_TIFFSwab64BitData
DA:46,0
DA:48,0
DA:49,0
DA:50,0
DA:51,0
DA:52,0
DA:55,0
DA:65,0
DA:66,0
DA:68,0
DA:69,0
DA:70,0
DA:73,0
DA:75,0
DA:79,0
DA:81,0
DA:82,0
DA:89,0
DA:90,0
DA:94,0
DA:96,0
DA:97,0
DA:103,0
DA:104,0
DA:106,0
DA:107,0
DA:109,0
DA:110,0
DA:116,0
DA:117,0
DA:118,0
DA:120,0
DA:121,0
DA:124,0
DA:125,0
DA:127,0
DA:135,0
DA:137,0
DA:141,0
DA:144,0
DA:145,0
DA:147,0
DA:149,0
DA:150,0
DA:151,0
DA:152,0
DA:159,0
DA:160,0
DA:174,0
DA:176,0
DA:177,0
DA:178,0
DA:179,0
DA:184,0
DA:185,0
DA:189,0
DA:191,0
DA:192,0
DA:193,0
DA:196,0
DA:198,0
DA:200,0
DA:212,0
DA:215,0
DA:224,0
DA:226,0
DA:228,0
DA:251,0
DA:261,0
DA:263,0
DA:268,0
DA:273,0
DA:280,0
DA:282,0
DA:289,0
DA:291,0
DA:293,0
DA:295,0
DA:299,0
DA:303,0
DA:305,0
DA:306,0
DA:309,0
DA:317,0
DA:319,0
DA:320,0
DA:321,0
DA:322,0
DA:323,0
DA:324,0
DA:325,0
DA:326,0
DA:327,0
DA:329,0
DA:331,0
DA:334,0
DA:341,0
DA:342,0
DA:344,0
DA:345,0
DA:346,0
DA:347,0
DA:348,0
DA:350,0
DA:351,0
DA:353,0
DA:354,0
DA:355,0
DA:357,0
DA:359,0
DA:360,0
DA:364,122624
DA:367,122624
DA:369,122624
DA:372,122624
DA:373,122624
DA:374,0
DA:376,0
DA:377,0
DA:379,0
DA:380,0
DA:382,0
DA:383,0
DA:391,0
DA:393,0
DA:397,0
DA:400,122624
DA:401,122624
DA:402,122624
DA:403,122624
DA:404,122624
DA:406,85279
DA:407,561
DA:410,122624
DA:419,37906
DA:421,37906
DA:426,37906
DA:428,84718
DA:438,122931
DA:440,122931
DA:441,122931
DA:442,122931
DA:443,122931
DA:445,122931
DA:447,122914
DA:448,0
DA:452,0
DA:454,122914
DA:456,0
DA:458,0
DA:460,122914
DA:461,122914
DA:468,290
DA:473,290
DA:475,122624
DA:476,122624
DA:480,122624
DA:481,0
DA:482,122624
DA:490,0
DA:492,0
DA:493,0
DA:495,0
DA:498,0
DA:500,0
DA:501,0
DA:508,0
DA:513,0
DA:515,0
DA:516,0
DA:517,0
DA:529,0
DA:530,0
DA:531,0
DA:532,0
DA:534,0
DA:544,0
DA:545,0
DA:560,0
DA:565,0
DA:568,0
DA:569,0
DA:571,0
DA:572,0
DA:573,0
DA:574,0
DA:582,0
DA:589,0
DA:590,0
DA:591,0
DA:596,0
DA:597,0
DA:598,0
DA:599,0
DA:602,0
DA:604,0
DA:607,0
DA:608,0
DA:609,0
DA:612,0
DA:616,0
DA:617,0
DA:619,0
DA:620,0
DA:621,0
DA:624,0
DA:637,0
DA:639,0
DA:640,0
DA:641,0
DA:650,0
DA:652,0
DA:653,0
DA:654,0
DA:656,0
DA:658,0
DA:659,0
DA:662,0
DA:664,0
DA:666,0
DA:668,0
DA:669,0
DA:670,0
DA:671,0
DA:673,0
DA:677,0
DA:679,0
DA:681,0
DA:684,0
DA:685,0
DA:686,0
DA:688,0
DA:689,0
DA:691,0
DA:692,0
DA:694,0
DA:696,0
DA:697,0
DA:706,0
DA:708,0
DA:709,0
DA:713,0
DA:716,0
DA:717,0
DA:718,0
DA:719,0
DA:720,0
DA:722,0
DA:723,0
DA:726,0
DA:736,0
DA:738,0
DA:739,0
DA:744,0
DA:746,0
DA:755,0
DA:757,0
DA:758,0
DA:759,0
DA:760,0
DA:762,0
DA:764,0
DA:765,0
DA:768,0
DA:770,0
DA:772,0
DA:774,0
DA:776,0
DA:777,0
DA:778,0
DA:779,0
DA:780,0
DA:785,0
DA:793,0
DA:795,0
DA:796,0
DA:798,0
DA:801,0
DA:803,0
DA:804,0
DA:811,0
DA:816,0
DA:818,0
DA:819,0
DA:820,0
DA:832,0
DA:833,0
DA:834,0
DA:835,0
DA:837,0
DA:847,0
DA:848,0
DA:849,0
DA:850,0
DA:852,0
DA:853,0
DA:854,0
DA:855,0
DA:856,0
DA:857,0
DA:864,0
DA:865,0
DA:866,0
DA:871,0
DA:872,0
DA:873,0
DA:874,0
DA:877,0
DA:879,0
DA:882,0
DA:883,0
DA:884,0
DA:888,0
DA:892,0
DA:893,0
DA:895,0
DA:896,0
DA:897,0
DA:901,0
DA:914,0
DA:916,0
DA:918,0
DA:919,0
DA:921,0
DA:922,0
DA:923,0
DA:924,0
DA:925,0
DA:927,0
DA:928,0
DA:929,0
DA:930,0
DA:932,0
DA:933,0
DA:934,0
DA:936,0
DA:938,0
DA:939,0
DA:941,0
DA:942,0
DA:944,0
DA:945,0
DA:946,0
DA:956,0
DA:958,0
DA:960,0
DA:963,0
DA:964,0
DA:966,0
DA:968,0
DA:969,0
DA:970,0
DA:972,0
DA:974,0
DA:975,0
DA:979,0
DA:980,0
DA:982,0
DA:983,0
DA:991,0
DA:993,0
DA:994,0
DA:995,0
DA:997,0
DA:1000,0
DA:1001,0
DA:1003,0
DA:1005,0
DA:1006,0
DA:1007,0
DA:1008,0
DA:1009,0
DA:1011,0
DA:1012,0
DA:1013,0
DA:1014,0
DA:1015,0
DA:1017,0
DA:1018,0
DA:1019,0
DA:1021,0
DA:1022,0
DA:1026,0
DA:1027,0
DA:1029,0
DA:1030,0
DA:1034,122931
DA:1036,122931
DA:1037,0
DA:1038,0
DA:1040,122931
DA:1041,17
DA:1044,17
DA:1050,0
DA:1052,0
DA:1053,0
DA:1056,0
DA:1058,0
DA:1059,0
DA:1060,0
DA:1061,0
DA:1064,0
DA:1066,0
DA:1067,0
DA:1068,0
DA:1069,0
DA:1072,0
DA:1074,0
DA:1075,0
DA:1076,0
DA:1077,0
DA:1080,0
DA:1082,0
DA:1083,0
DA:1084,0
DA:1085,0
end_of_record
TN:
SF:/home/g/Desktop/Fuzz/training/fuzzing_libtiff/tiff-4.0.4/libtiff/tif_jbig.c
FN:40,JBIGSetupDecode
FNDA:0,JBIGSetupDecode
FN:51,JBIGDecode
FNDA:0,JBIGDecode
FN:106,JBIGSetupEncode
FNDA:0,JBIGSetupEncode
FN:117,JBIGCopyEncodedData
FNDA:0,JBIGCopyEncodedData
FN:145,JBIGOutputBie
FNDA:0,JBIGOutputBie
FN:157,JBIGEncode
FNDA:0,JBIGEncode
FN:181,TIFFInitJBIG
FNDA:0,TIFFInitJBIG
DA:40,0
DA:42,0
DA:44,0
DA:45,0
DA:51,0
DA:53,0
DA:54,0
DA:55,0
DA:56,0
DA:58,0
DA:60,0
DA:63,0
DA:66,0
DA:79,0
DA:80,0
DA:81,0
DA:88,0
DA:97,0
DA:100,0
DA:101,0
DA:102,0
DA:103,0
DA:106,0
DA:108,0
DA:110,0
DA:111,0
DA:117,0
DA:119,0
DA:120,0
DA:122,0
DA:124,0
DA:126,0
DA:129,0
DA:130,0
DA:131,0
DA:132,0
DA:133,0
DA:134,0
DA:135,0
DA:136,0
DA:145,0
DA:147,0
DA:149,0
DA:151,0
DA:154,0
DA:155,0
DA:157,0
DA:159,0
DA:160,0
DA:162,0
DA:164,0
DA:165,0
DA:166,0
DA:175,0
DA:176,0
DA:178,0
DA:181,0
DA:183,0
DA:190,0
DA:191,0
DA:194,0
DA:195,0
DA:197,0
DA:198,0
DA:200,0
end_of_record
TN:
SF:/home/g/Desktop/Fuzz/training/fuzzing_libtiff/tiff-4.0.4/libtiff/tif_fax3.c
FN:147,Fax3PreDecode
FNDA:0,Fax3PreDecode
FN:180,Fax3Unexpected
FNDA:0,Fax3Unexpected
FN:190,Fax3Extension
FNDA:0,Fax3Extension
FN:201,Fax3BadLength
FNDA:0,Fax3BadLength
FN:212,Fax3PrematureEOF
FNDA:0,Fax3PrematureEOF
FN:227,Fax3Decode1D
FNDA:0,Fax3Decode1D
FN:270,Fax3Decode2D
FNDA:0,Fax3Decode2D
FN:368,_TIFFFax3fillruns
FNDA:0,_TIFFFax3fillruns
FN:458,Fax3FixupTags
FNDA:9,Fax3FixupTags
FN:472,Fax3SetupState
FNDA:0,Fax3SetupState
FN:602,Fax3PutBits
FNDA:0,Fax3PutBits
FN:637,putspan
FNDA:0,putspan
FN:680,Fax3PutEOL
FNDA:0,Fax3PutEOL
FN:717,Fax3PreEncode
FNDA:0,Fax3PreEncode
FN:808,find0span
FNDA:0,find0span
FN:867,find1span
FNDA:0,find1span
FN:946,Fax3Encode1DRow
FNDA:0,Fax3Encode1DRow
FN:993,Fax3Encode2DRow
FNDA:0,Fax3Encode2DRow
FN:1038,Fax3Encode
FNDA:0,Fax3Encode
FN:1078,Fax3PostEncode
FNDA:0,Fax3PostEncode
FN:1088,Fax3Close
FNDA:0,Fax3Close
FN:1105,Fax3Cleanup
FNDA:18,Fax3Cleanup
FN:1146,Fax3VSetField
FNDA:144,Fax3VSetField
FN:1194,Fax3VGetField
FNDA:27,Fax3VGetField
FN:1227,Fax3PrintDir
FNDA:9,Fax3PrintDir
FN:1281,InitCCITTFax3
FNDA:18,InitCCITTFax3
FN:1349,TIFFInitCCITTFax3
FNDA:0,TIFFInitCCITTFax3
FN:1381,Fax4Decode
FNDA:0,Fax4Decode
FN:1433,Fax4Encode
FNDA:0,Fax4Encode
FN:1454,Fax4PostEncode
FNDA:0,Fax4PostEncode
FN:1467,TIFFInitCCITTFax4
FNDA:0,TIFFInitCCITTFax4
FN:1505,Fax3DecodeRLE
FNDA:0,Fax3DecodeRLE
FN:1554,TIFFInitCCITTRLE
FNDA:18,TIFFInitCCITTRLE
FN:1571,TIFFInitCCITTRLEW
FNDA:0,TIFFInitCCITTRLEW
DA:147,0
DA:149,0
DA:151,0
DA:152,0
DA:153,0
DA:154,0
DA:155,0
DA:163,0
DA:164,0
DA:165,0
DA:166,0
DA:167,0
DA:169,0
DA:170,0
DA:180,0
DA:182,0
DA:184,0
DA:186,0
DA:190,0
DA:192,0
DA:195,0
DA:197,0
DA:201,0
DA:203,0
DA:206,0
DA:208,0
DA:212,0
DA:214,0
DA:216,0
DA:218,0
DA:227,0
DA:228,0
DA:229,0
DA:230,0
DA:231,0
DA:233,0
DA:234,0
DA:236,0
DA:237,0
DA:238,0
DA:239,0
DA:240,0
DA:241,0
DA:247,0
DA:248,0
DA:249,0
DA:250,0
DA:251,0
DA:252,0
DA:253,0
DA:254,0
DA:255,0
DA:256,0
DA:257,0
DA:258,0
DA:259,0
DA:261,0
DA:262,0
DA:270,0
DA:271,0
DA:272,0
DA:273,0
DA:274,0
DA:275,0
DA:277,0
DA:278,0
DA:280,0
DA:281,0
DA:282,0
DA:283,0
DA:284,0
DA:289,0
DA:290,0
DA:291,0
DA:292,0
DA:298,0
DA:299,0
DA:300,0
DA:301,0
DA:303,0
DA:304,0
DA:305,0
DA:306,0
DA:307,0
DA:308,0
DA:309,0
DA:310,0
DA:311,0
DA:312,0
DA:313,0
DA:314,0
DA:315,0
DA:316,0
DA:318,0
DA:319,0
DA:368,0
DA:370,0
DA:372,0
DA:373,0
DA:374,0
DA:375,0
DA:377,0
DA:378,0
DA:379,0
DA:380,0
DA:381,0
DA:382,0
DA:383,0
DA:384,0
DA:385,0
DA:386,0
DA:387,0
DA:388,0
DA:389,0
DA:390,0
DA:392,0
DA:393,0
DA:397,0
DA:398,0
DA:399,0
DA:400,0
DA:401,0
DA:402,0
DA:403,0
DA:404,0
DA:407,0
DA:408,0
DA:410,0
DA:411,0
DA:413,0
DA:414,0
DA:416,0
DA:417,0
DA:418,0
DA:419,0
DA:420,0
DA:421,0
DA:422,0
DA:423,0
DA:424,0
DA:425,0
DA:427,0
DA:428,0
DA:432,0
DA:433,0
DA:434,0
DA:435,0
DA:436,0
DA:437,0
DA:438,0
DA:439,0
DA:442,0
DA:443,0
DA:445,0
DA:446,0
DA:448,0
DA:449,0
DA:452,0
DA:453,0
DA:458,9
DA:460,9
DA:461,9
DA:472,0
DA:474,0
DA:475,0
DA:476,0
DA:477,0
DA:478,0
DA:479,0
DA:480,0
DA:482,0
DA:483,0
DA:485,0
DA:490,0
DA:491,0
DA:492,0
DA:494,0
DA:495,0
DA:497,0
DA:498,0
DA:502,0
DA:503,0
DA:504,0
DA:512,0
DA:513,0
DA:514,0
DA:515,0
DA:517,0
DA:518,0
DA:521,0
DA:523,0
DA:527,0
DA:529,0
DA:530,0
DA:531,0
DA:532,0
DA:534,0
DA:535,0
DA:536,0
DA:537,0
DA:538,0
DA:539,0
DA:542,0
DA:543,0
DA:551,0
DA:552,0
DA:553,0
DA:555,0
DA:558,0
DA:602,0
DA:604,0
DA:605,0
DA:606,0
DA:608,0
DA:610,0
DA:611,0
DA:612,0
DA:637,0
DA:639,0
DA:640,0
DA:641,0
DA:642,0
DA:644,0
DA:645,0
DA:646,0
DA:650,0
DA:651,0
DA:653,0
DA:654,0
DA:655,0
DA:656,0
DA:660,0
DA:661,0
DA:663,0
DA:667,0
DA:669,0
DA:670,0
DA:671,0
DA:680,0
DA:682,0
DA:683,0
DA:684,0
DA:685,0
DA:687,0
DA:693,0
DA:694,0
DA:695,0
DA:696,0
DA:698,0
DA:699,0
DA:700,0
DA:701,0
DA:704,0
DA:705,0
DA:706,0
DA:707,0
DA:709,0
DA:710,0
DA:711,0
DA:717,0
DA:719,0
DA:721,0
DA:722,0
DA:723,0
DA:724,0
DA:725,0
DA:731,0
DA:732,0
DA:733,0
DA:734,0
DA:745,0
DA:746,0
DA:747,0
DA:748,0
DA:750,0
DA:751,0
DA:752,0
DA:808,0
DA:810,0
DA:811,0
DA:813,0
DA:817,0
DA:818,0
DA:819,0
DA:821,0
DA:823,0
DA:825,0
DA:826,0
DA:829,0
DA:834,0
DA:835,0
DA:836,0
DA:837,0
DA:838,0
DA:841,0
DA:842,0
DA:843,0
DA:850,0
DA:851,0
DA:852,0
DA:853,0
DA:854,0
DA:859,0
DA:860,0
DA:861,0
DA:867,0
DA:869,0
DA:870,0
DA:872,0
DA:876,0
DA:877,0
DA:878,0
DA:880,0
DA:882,0
DA:884,0
DA:885,0
DA:888,0
DA:893,0
DA:894,0
DA:895,0
DA:896,0
DA:897,0
DA:900,0
DA:901,0
DA:902,0
DA:909,0
DA:910,0
DA:911,0
DA:912,0
DA:913,0
DA:918,0
DA:919,0
DA:920,0
DA:946,0
DA:948,0
DA:949,0
DA:950,0
DA:952,0
DA:953,0
DA:954,0
DA:955,0
DA:956,0
DA:958,0
DA:959,0
DA:960,0
DA:961,0
DA:964,0
DA:965,0
DA:966,0
DA:967,0
DA:968,0
DA:969,0
DA:971,0
DA:993,0
DA:996,0
DA:997,0
DA:998,0
DA:999,0
DA:1001,0
DA:1002,0
DA:1003,0
DA:1004,0
DA:1005,0
DA:1006,0
DA:1007,0
DA:1008,0
DA:1009,0
DA:1010,0
DA:1012,0
DA:1013,0
DA:1017,0
DA:1018,0
DA:1021,0
DA:1022,0
DA:1024,0
DA:1026,0
DA:1027,0
DA:1028,0
DA:1030,0
DA:1038,0
DA:1040,0
DA:1041,0
DA:1042,0
DA:1043,0
DA:1045,0
DA:1046,0
DA:1048,0
DA:1049,0
DA:1050,0
DA:1051,0
DA:1052,0
DA:1053,0
DA:1055,0
DA:1057,0
DA:1060,0
DA:1062,0
DA:1063,0
DA:1064,0
DA:1066,0
DA:1068,0
DA:1071,0
DA:1072,0
DA:1078,0
DA:1080,0
DA:1082,0
DA:1083,0
DA:1084,0
DA:1088,0
DA:1090,0
DA:1091,0
DA:1092,0
DA:1093,0
DA:1094,0
DA:1096,0
DA:1097,0
DA:1098,0
DA:1099,0
DA:1100,0
DA:1102,0
DA:1105,18
DA:1107,18
DA:1109,18
DA:1111,18
DA:1112,18
DA:1113,18
DA:1115,18
DA:1116,0
DA:1117,18
DA:1118,0
DA:1120,18
DA:1121,18
DA:1123,18
DA:1124,18
DA:1146,144
DA:1148,144
DA:1149,144
DA:1151,144
DA:1152,144
DA:1154,144
DA:1155,18
DA:1156,18
DA:1157,18
DA:1158,18
DA:1159,18
DA:1160,18
DA:1161,0
DA:1163,0
DA:1164,0
DA:1166,0
DA:1168,0
DA:1169,0
DA:1171,0
DA:1172,0
DA:1173,0
DA:1174,0
DA:1175,0
DA:1176,0
DA:1177,0
DA:1178,0
DA:1179,0
DA:1180,108
DA:1181,108
DA:1184,0
DA:1185,0
DA:1189,0
DA:1190,0
DA:1194,27
DA:1196,27
DA:1198,27
DA:1200,27
DA:1201,0
DA:1202,0
DA:1203,0
DA:1204,0
DA:1205,0
DA:1206,0
DA:1207,0
DA:1209,0
DA:1210,0
DA:1211,0
DA:1212,0
DA:1213,0
DA:1214,0
DA:1215,0
DA:1216,0
DA:1217,0
DA:1218,0
DA:1219,0
DA:1220,27
DA:1221,27
DA:1227,9
DA:1229,9
DA:1231,9
DA:1233,9
DA:1234,9
DA:1235,0
DA:1236,0
DA:1237,0
DA:1238,0
DA:1239,0
DA:1242,0
DA:1243,0
DA:1244,0
DA:1245,0
DA:1246,0
DA:1247,0
DA:1248,0
DA:1250,0
DA:1252,0
DA:1254,9
DA:1255,0
DA:1256,0
DA:1257,0
DA:1258,0
DA:1259,0
DA:1260,0
DA:1261,0
DA:1262,0
DA:1263,0
DA:1264,0
DA:1265,0
DA:1267,0
DA:1268,0
DA:1270,9
DA:1271,0
DA:1272,0
DA:1273,9
DA:1274,0
DA:1275,0
DA:1276,9
DA:1277,0
DA:1278,9
DA:1281,18
DA:1283,18
DA:1284,18
DA:1289,18
DA:1290,0
DA:1292,0
DA:1298,36
DA:1299,18
DA:1301,18
DA:1302,0
DA:1304,0
DA:1307,18
DA:1308,18
DA:1313,18
DA:1314,18
DA:1315,18
DA:1316,18
DA:1317,18
DA:1318,18
DA:1319,18
DA:1321,18
DA:1322,18
DA:1323,18
DA:1324,18
DA:1325,18
DA:1330,18
DA:1331,18
DA:1332,18
DA:1333,18
DA:1334,18
DA:1335,18
DA:1336,18
DA:1337,18
DA:1338,18
DA:1339,18
DA:1340,18
DA:1341,18
DA:1342,18
DA:1343,18
DA:1345,18
DA:1349,0
DA:1351,0
DA:1352,0
DA:1356,0
DA:1358,0
DA:1360,0
DA:1366,0
DA:1381,0
DA:1382,0
DA:1383,0
DA:1384,0
DA:1385,0
DA:1387,0
DA:1388,0
DA:1390,0
DA:1391,0
DA:1392,0
DA:1393,0
DA:1394,0
DA:1395,0
DA:1396,0
DA:1402,0
DA:1403,0
DA:1404,0
DA:1405,0
DA:1406,0
DA:1407,0
DA:1408,0
DA:1409,0
DA:1410,0
DA:1411,0
DA:1412,0
DA:1413,0
DA:1414,0
DA:1419,0
DA:1420,0
DA:1421,0
DA:1422,0
DA:1424,0
DA:1425,0
DA:1433,0
DA:1435,0
DA:1436,0
DA:1437,0
DA:1438,0
DA:1440,0
DA:1441,0
DA:1443,0
DA:1444,0
DA:1446,0
DA:1447,0
DA:1448,0
DA:1454,0
DA:1456,0
DA:1459,0
DA:1460,0
DA:1461,0
DA:1462,0
DA:1463,0
DA:1467,0
DA:1469,0
DA:1470,0
DA:1474,0
DA:1476,0
DA:1478,0
DA:1481,0
DA:1482,0
DA:1483,0
DA:1484,0
DA:1485,0
DA:1486,0
DA:1487,0
DA:1491,0
DA:1505,0
DA:1506,0
DA:1507,0
DA:1508,0
DA:1509,0
DA:1510,0
DA:1512,0
DA:1513,0
DA:1515,0
DA:1516,0
DA:1517,0
DA:1526,0
DA:1527,0
DA:1531,0
DA:1532,0
DA:1533,0
DA:1534,0
DA:1535,0
DA:1536,0
DA:1537,0
DA:1538,0
DA:1540,0
DA:1541,0
DA:1542,0
DA:1543,0
DA:1544,0
DA:1545,0
DA:1546,0
DA:1547,0
DA:1549,0
DA:1550,0
DA:1554,18
DA:1556,18
DA:1557,18
DA:1558,18
DA:1559,18
DA:1560,18
DA:1564,18
DA:1571,0
DA:1573,0
DA:1574,0
DA:1575,0
DA:1576,0
DA:1577,0
DA:1581,0
end_of_record
TN:
SF:/home/g/Desktop/Fuzz/training/fuzzing_libtiff/tiff-4.0.4/libtiff/tif_error.c
FN:35,TIFFSetErrorHandler
FNDA:288710,TIFFSetErrorHandler
FN:43,TIFFSetErrorHandlerExt
FNDA:0,TIFFSetErrorHandlerExt
FN:51,TIFFError
FNDA:0,TIFFError
FN:63,TIFFErrorExt
FNDA:467471,TIFFErrorExt
DA:35,288710
DA:37,288710
DA:38,288710
DA:39,288710
DA:43,0
DA:45,0
DA:46,0
DA:47,0
DA:51,0
DA:53,0
DA:54,0
DA:55,0
DA:56,0
DA:57,0
DA:58,0
DA:59,0
DA:60,0
DA:63,467471
DA:65,467471
DA:66,467471
DA:67,467471
DA:68,467471
DA:69,467471
DA:70,0
DA:71,467471
DA:72,467471
end_of_record
TN:
SF:/home/g/Desktop/Fuzz/training/fuzzing_libtiff/tiff-4.0.4/libtiff/tif_zip.c
FN:90,ZIPFixupTags
FNDA:10,ZIPFixupTags
FN:97,ZIPSetupDecode
FNDA:0,ZIPSetupDecode
FN:123,ZIPPreDecode
FNDA:0,ZIPPreDecode
FN:149,ZIPDecode
FNDA:0,ZIPDecode
FN:204,ZIPSetupEncode
FNDA:0,ZIPSetupEncode
FN:228,ZIPPreEncode
FNDA:0,ZIPPreEncode
FN:256,ZIPEncode
FNDA:0,ZIPEncode
FN:298,ZIPPostEncode
FNDA:0,ZIPPostEncode
FN:328,ZIPCleanup
FNDA:10,ZIPCleanup
FN:353,ZIPVSetField
FNDA:110,ZIPVSetField
FN:377,ZIPVGetField
FNDA:30,ZIPVGetField
FN:396,TIFFInitZIP
FNDA:10,TIFFInitZIP
DA:90,10
DA:92,10
DA:93,10
DA:97,0
DA:99,0
DA:100,0
DA:102,0
DA:105,0
DA:106,0
DA:107,0
DA:110,0
DA:111,0
DA:112,0
DA:114,0
DA:115,0
DA:123,0
DA:125,0
DA:126,0
DA:128,0
DA:129,0
DA:131,0
DA:132,0
DA:134,0
DA:135,0
DA:139,0
DA:140,0
DA:142,0
DA:143,0
DA:145,0
DA:149,0
DA:151,0
DA:152,0
DA:154,0
DA:155,0
DA:156,0
DA:158,0
DA:159,0
DA:161,0
DA:162,0
DA:166,0
DA:167,0
DA:169,0
DA:170,0
DA:172,0
DA:173,0
DA:174,0
DA:176,0
DA:177,0
DA:179,0
DA:180,0
DA:182,0
DA:184,0
DA:185,0
DA:186,0
DA:187,0
DA:189,0
DA:190,0
DA:191,0
DA:193,0
DA:194,0
DA:197,0
DA:198,0
DA:200,0
DA:204,0
DA:206,0
DA:207,0
DA:209,0
DA:210,0
DA:211,0
DA:212,0
DA:215,0
DA:216,0
DA:217,0
DA:219,0
DA:220,0
DA:228,0
DA:230,0
DA:231,0
DA:233,0
DA:234,0
DA:235,0
DA:236,0
DA:238,0
DA:239,0
DA:243,0
DA:244,0
DA:246,0
DA:247,0
DA:249,0
DA:256,0
DA:258,0
DA:259,0
DA:261,0
DA:262,0
DA:264,0
DA:265,0
DA:266,0
DA:270,0
DA:271,0
DA:273,0
DA:274,0
DA:276,0
DA:277,0
DA:278,0
DA:280,0
DA:281,0
DA:283,0
DA:284,0
DA:285,0
DA:286,0
DA:287,0
DA:289,0
DA:298,0
DA:300,0
DA:301,0
DA:302,0
DA:304,0
DA:305,0
DA:306,0
DA:307,0
DA:308,0
DA:310,0
DA:312,0
DA:313,0
DA:314,0
DA:315,0
DA:317,0
DA:318,0
DA:319,0
DA:320,0
DA:321,0
DA:323,0
DA:328,10
DA:330,10
DA:332,10
DA:334,10
DA:336,10
DA:337,10
DA:339,10
DA:340,0
DA:341,0
DA:342,10
DA:343,0
DA:344,0
DA:346,10
DA:347,10
DA:349,10
DA:350,10
DA:353,110
DA:355,110
DA:356,110
DA:358,110
DA:359,0
DA:360,0
DA:361,0
DA:362,0
DA:364,0
DA:365,0
DA:366,0
DA:370,110
DA:371,110
DA:377,30
DA:379,30
DA:381,30
DA:382,0
DA:383,0
DA:384,0
DA:385,30
DA:386,30
DA:388,0
DA:396,10
DA:398,10
DA:399,10
DA:401,10
DA:407,10
DA:408,0
DA:410,0
DA:416,10
DA:417,10
DA:418,0
DA:419,10
DA:420,10
DA:421,10
DA:422,10
DA:423,10
DA:428,10
DA:429,10
DA:430,10
DA:431,10
DA:434,10
DA:435,10
DA:440,10
DA:441,10
DA:442,10
DA:443,10
DA:444,10
DA:445,10
DA:446,10
DA:447,10
DA:448,10
DA:449,10
DA:450,10
DA:451,10
DA:452,10
DA:456,10
DA:457,10
DA:458,0
DA:459,0
DA:461,0
end_of_record
TN:
SF:/home/g/Desktop/Fuzz/training/fuzzing_libtiff/tiff-4.0.4/libtiff/tif_luv.c
FN:184,LogL16Decode
FNDA:0,LogL16Decode
FN:253,LogLuvDecode24
FNDA:0,LogLuvDecode24
FN:306,LogLuvDecode32
FNDA:0,LogLuvDecode32
FN:378,LogLuvDecodeStrip
FNDA:0,LogLuvDecodeStrip
FN:397,LogLuvDecodeTile
FNDA:0,LogLuvDecodeTile
FN:414,LogL16Encode
FNDA:0,LogL16Encode
FN:507,LogLuvEncode24
FNDA:0,LogLuvEncode24
FN:554,LogLuvEncode32
FNDA:0,LogLuvEncode32
FN:649,LogLuvEncodeStrip
FNDA:0,LogLuvEncodeStrip
FN:667,LogLuvEncodeTile
FNDA:0,LogLuvEncodeTile
FN:711,LogL16toY
FNDA:0,LogL16toY
FN:726,LogL16fromY
FNDA:0,LogL16fromY
FN:740,L16toY
FNDA:0,L16toY
FN:750,L16toGry
FNDA:0,L16toGry
FN:762,L16fromY
FNDA:0,L16fromY
FN:775,XYZtoRGB24
FNDA:0,XYZtoRGB24
FN:793,LogL10toY
FNDA:0,LogL10toY
FN:804,LogL10fromY
FNDA:0,LogL10fromY
FN:819,oog_encode
FNDA:0,oog_encode
FN:875,uv_encode
FNDA:0,uv_encode
FN:897,uv_decode
FNDA:0,uv_decode
FN:929,LogLuv24toXYZ
FNDA:0,LogLuv24toXYZ
FN:957,LogLuv24fromXYZ
FNDA:0,LogLuv24fromXYZ
FN:980,Luv24toXYZ
FNDA:0,Luv24toXYZ
FN:993,Luv24toLuv48
FNDA:0,Luv24toLuv48
FN:1013,Luv24toRGB
FNDA:0,Luv24toRGB
FN:1028,Luv24fromXYZ
FNDA:0,Luv24fromXYZ
FN:1040,Luv24fromLuv48
FNDA:0,Luv24fromLuv48
FN:1070,LogLuv32toXYZ
FNDA:0,LogLuv32toXYZ
FN:1095,LogLuv32fromXYZ
FNDA:0,LogLuv32fromXYZ
FN:1121,Luv32toXYZ
FNDA:0,Luv32toXYZ
FN:1133,Luv32toLuv48
FNDA:0,Luv32toLuv48
FN:1151,Luv32toRGB
FNDA:0,Luv32toRGB
FN:1166,Luv32fromXYZ
FNDA:0,Luv32fromXYZ
FN:1178,Luv32fromLuv48
FNDA:0,Luv32fromLuv48
FN:1201,_logLuvNop
FNDA:0,_logLuvNop
FN:1207,LogL16GuessDataFmt
FNDA:0,LogL16GuessDataFmt
FN:1237,LogL16InitState
FNDA:0,LogL16InitState
FN:1277,LogLuvGuessDataFmt
FNDA:0,LogLuvGuessDataFmt
FN:1329,LogLuvInitState
FNDA:0,LogLuvInitState
FN:1377,LogLuvFixupTags
FNDA:8,LogLuvFixupTags
FN:1384,LogLuvSetupDecode
FNDA:0,LogLuvSetupDecode
FN:1446,LogLuvSetupEncode
FNDA:0,LogLuvSetupEncode
FN:1515,LogLuvClose
FNDA:0,LogLuvClose
FN:1533,LogLuvCleanup
FNDA:8,LogLuvCleanup
FN:1551,LogLuvVSetField
FNDA:56,LogLuvVSetField
FN:1610,LogLuvVGetField
FNDA:8,LogLuvVGetField
FN:1629,TIFFInitSGILog
FNDA:8,TIFFInitSGILog
DA:184,0
DA:186,0
DA:187,0
DA:188,0
DA:189,0
DA:190,0
DA:191,0
DA:192,0
DA:193,0
DA:194,0
DA:195,0
DA:197,0
DA:198,0
DA:200,0
DA:202,0
DA:205,0
DA:206,0
DA:208,0
DA:210,0
DA:211,0
DA:213,0
DA:214,0
DA:215,0
DA:216,0
DA:217,0
DA:218,0
DA:219,0
DA:220,0
DA:222,0
DA:223,0
DA:224,0
DA:226,0
DA:233,0
DA:235,0
DA:236,0
DA:238,0
DA:239,0
DA:240,0
DA:243,0
DA:244,0
DA:245,0
DA:246,0
DA:253,0
DA:255,0
DA:256,0
DA:257,0
DA:258,0
DA:259,0
DA:260,0
DA:261,0
DA:263,0
DA:264,0
DA:266,0
DA:268,0
DA:271,0
DA:272,0
DA:275,0
DA:276,0
DA:277,0
DA:278,0
DA:279,0
DA:280,0
DA:282,0
DA:283,0
DA:284,0
DA:291,0
DA:293,0
DA:294,0
DA:296,0
DA:298,0
DA:299,0
DA:306,0
DA:308,0
DA:309,0
DA:310,0
DA:311,0
DA:312,0
DA:313,0
DA:314,0
DA:315,0
DA:316,0
DA:317,0
DA:319,0
DA:320,0
DA:321,0
DA:323,0
DA:325,0
DA:328,0
DA:329,0
DA:331,0
DA:333,0
DA:334,0
DA:336,0
DA:337,0
DA:338,0
DA:339,0
DA:340,0
DA:341,0
DA:342,0
DA:343,0
DA:345,0
DA:346,0
DA:347,0
DA:349,0
DA:356,0
DA:358,0
DA:359,0
DA:361,0
DA:362,0
DA:363,0
DA:366,0
DA:367,0
DA:368,0
DA:369,0
DA:378,0
DA:380,0
DA:382,0
DA:385,0
DA:386,0
DA:387,0
DA:388,0
DA:397,0
DA:399,0
DA:401,0
DA:404,0
DA:405,0
DA:406,0
DA:407,0
[...]
DA:257,288712
DA:258,288712
DA:260,0
DA:261,0
DA:262,0
DA:263,0
DA:264,0
DA:265,0
DA:271,577424
DA:272,288712
DA:273,540
DA:274,540
DA:276,540
DA:285,0
DA:288,0
DA:290,0
DA:291,0
DA:292,0
DA:293,0
DA:294,0
DA:298,0
DA:299,0
DA:300,0
DA:301,0
DA:302,0
DA:304,0
DA:305,0
DA:307,0
DA:316,0
DA:317,0
DA:318,0
DA:320,0
DA:325,0
DA:327,0
DA:333,0
DA:337,0
DA:338,0
DA:339,0
DA:340,0
DA:341,0
DA:342,0
DA:343,0
DA:348,288172
DA:351,1226
DA:358,1226
DA:367,1226
DA:369,286946
DA:371,98273
DA:377,286946
DA:378,286946
DA:379,98273
DA:380,286946
DA:382,955
DA:386,955
DA:388,285991
DA:390,285232
DA:391,97198
DA:392,285232
DA:396,759
DA:398,34
DA:400,34
DA:402,725
DA:404,702
DA:405,702
DA:407,725
DA:409,725
DA:413,725
DA:415,0
DA:417,0
DA:421,0
DA:423,0
DA:424,0
DA:426,285232
DA:427,285232
DA:428,285232
DA:429,285232
DA:430,285232
DA:432,285232
DA:433,285232
DA:434,285232
DA:435,285232
DA:437,0
DA:443,285232
DA:445,285232
DA:446,285232
DA:448,285232
DA:449,285232
DA:452,0
DA:460,285232
DA:466,285232
DA:467,48698
DA:468,48698
DA:469,48698
DA:472,0
DA:478,0
DA:479,0
DA:482,240014
DA:483,240014
DA:484,240014
DA:497,0
DA:499,0
DA:506,0
DA:508,0
DA:509,0
DA:510,0
DA:517,0
DA:519,0
DA:526,0
DA:528,0
DA:529,0
DA:530,0
DA:537,0
DA:539,0
DA:546,0
DA:548,0
DA:549,0
DA:550,0
DA:557,0
DA:559,0
DA:566,0
DA:568,0
DA:569,0
DA:570,0
DA:578,48698
DA:580,48698
DA:587,0
DA:589,0
DA:596,0
DA:598,0
DA:605,0
DA:607,0
DA:614,0
DA:616,0
DA:623,0
DA:625,0
DA:632,0
DA:634,0
DA:641,0
DA:643,0
DA:650,0
DA:652,0
DA:659,0
DA:661,0
DA:668,0
DA:670,0
DA:677,0
DA:679,0
DA:686,0
DA:688,0
DA:695,0
DA:697,0
DA:704,0
DA:706,0
DA:713,0
DA:715,0
end_of_record
TN:
SF:/home/g/Desktop/Fuzz/training/fuzzing_libtiff/tiff-4.0.4/libtiff/tif_tile.c
FN:38,TIFFComputeTile
FNDA:0,TIFFComputeTile
FN:75,TIFFCheckTile
FNDA:0,TIFFCheckTile
FN:115,TIFFNumberOfTiles
FNDA:17,TIFFNumberOfTiles
FN:144,TIFFTileRowSize64
FNDA:9,TIFFTileRowSize64
FN:182,TIFFTileRowSize
FNDA:0,TIFFTileRowSize
FN:201,TIFFVTileSize64
FNDA:17,TIFFVTileSize64
FN:249,TIFFVTileSize
FNDA:0,TIFFVTileSize
FN:268,TIFFTileSize64
FNDA:0,TIFFTileSize64
FN:273,TIFFTileSize
FNDA:17,TIFFTileSize
FN:295,TIFFDefaultTileSize
FNDA:0,TIFFDefaultTileSize
FN:301,_TIFFDefaultTileSize
FNDA:0,_TIFFDefaultTileSize
DA:38,0
DA:40,0
DA:41,0
DA:42,0
DA:43,0
DA:44,0
DA:46,0
DA:47,0
DA:48,0
DA:49,0
DA:50,0
DA:51,0
DA:52,0
DA:53,0
DA:54,0
DA:55,0
DA:56,0
DA:57,0
DA:59,0
DA:60,0
DA:61,0
DA:62,0
DA:63,0
DA:65,0
DA:67,0
DA:75,0
DA:77,0
DA:79,0
DA:80,0
DA:83,0
DA:84,0
DA:86,0
DA:87,0
DA:90,0
DA:91,0
DA:93,0
DA:94,0
DA:97,0
DA:98,0
DA:100,0
DA:101,0
DA:102,0
DA:105,0
DA:106,0
DA:115,17
DA:117,17
DA:118,17
DA:119,17
DA:120,17
DA:121,17
DA:123,17
DA:124,0
DA:125,17
DA:126,0
DA:127,17
DA:128,0
DA:129,17
DA:130,17
DA:131,17
DA:133,17
DA:134,17
DA:135,9
DA:137,17
DA:144,9
DA:146,9
DA:147,9
DA:148,9
DA:149,9
DA:151,9
DA:153,0
DA:154,0
DA:156,9
DA:158,0
DA:159,0
DA:161,9
DA:163,9
DA:165,0
DA:167,0
DA:168,0
DA:170,0
DA:173,9
DA:174,9
DA:176,0
DA:177,0
DA:182,0
DA:184,0
DA:185,0
DA:186,0
DA:187,0
DA:188,0
DA:189,0
DA:194,0
DA:201,17
DA:203,17
DA:204,17
DA:205,17
DA:206,17
DA:208,17
DA:209,8
DA:210,8
DA:211,8
DA:221,8
DA:222,8
DA:223,8
DA:224,8
DA:225,8
DA:226,8
DA:227,8
DA:229,8
DA:230,8
DA:232,0
DA:235,0
DA:236,0
DA:238,8
DA:239,8
DA:240,8
DA:241,8
DA:242,8
DA:243,8
DA:246,9
DA:249,0
DA:251,0
DA:252,0
DA:253,0
DA:254,0
DA:255,0
DA:256,0
DA:261,0
DA:268,17
DA:270,0
DA:273,17
DA:275,17
DA:276,17
DA:277,17
DA:278,17
DA:279,17
DA:280,17
DA:285,17
DA:295,0
DA:297,0
DA:298,0
DA:301,0
DA:303,0
DA:304,0
DA:305,0
DA:306,0
DA:307,0
DA:309,0
DA:310,0
DA:311,0
DA:312,0
DA:313,0
end_of_record
TN:
SF:/home/g/Desktop/Fuzz/training/fuzzing_libtiff/tiff-4.0.4/libtiff/tif_warning.c
FN:35,TIFFSetWarningHandler
FNDA:0,TIFFSetWarningHandler
FN:43,TIFFSetWarningHandlerExt
FNDA:0,TIFFSetWarningHandlerExt
FN:51,TIFFWarning
FNDA:0,TIFFWarning
FN:63,TIFFWarningExt
FNDA:297732,TIFFWarningExt
DA:35,0
DA:37,0
DA:38,0
DA:39,0
DA:43,0
DA:45,0
DA:46,0
DA:47,0
DA:51,0
DA:53,0
DA:54,0
DA:55,0
DA:56,0
DA:57,0
DA:58,0
DA:59,0
DA:60,0
DA:63,297732
DA:65,297732
DA:66,297732
DA:67,297732
DA:68,297732
DA:69,297732
DA:70,0
DA:71,297732
DA:72,297732
end_of_record
TN:
SF:/home/g/Desktop/Fuzz/training/fuzzing_libtiff/tiff-4.0.4/libtiff/tif_jpeg.c
FN:213,TIFFjpeg_error_exit
FNDA:0,TIFFjpeg_error_exit
FN:230,TIFFjpeg_output_message
FNDA:0,TIFFjpeg_output_message
FN:248,TIFFjpeg_create_compress
FNDA:0,TIFFjpeg_create_compress
FN:259,TIFFjpeg_create_decompress
FNDA:0,TIFFjpeg_create_decompress
FN:270,TIFFjpeg_set_defaults
FNDA:0,TIFFjpeg_set_defaults
FN:276,TIFFjpeg_set_colorspace
FNDA:0,TIFFjpeg_set_colorspace
FN:282,TIFFjpeg_set_quality
FNDA:0,TIFFjpeg_set_quality
FN:289,TIFFjpeg_suppress_tables
FNDA:0,TIFFjpeg_suppress_tables
FN:295,TIFFjpeg_start_compress
FNDA:0,TIFFjpeg_start_compress
FN:302,TIFFjpeg_write_scanlines
FNDA:0,TIFFjpeg_write_scanlines
FN:309,TIFFjpeg_write_raw_data
FNDA:0,TIFFjpeg_write_raw_data
FN:316,TIFFjpeg_finish_compress
FNDA:0,TIFFjpeg_finish_compress
FN:322,TIFFjpeg_write_tables
FNDA:0,TIFFjpeg_write_tables
FN:328,TIFFjpeg_read_header
FNDA:0,TIFFjpeg_read_header
FN:334,TIFFjpeg_start_decompress
FNDA:0,TIFFjpeg_start_decompress
FN:340,TIFFjpeg_read_scanlines
FNDA:0,TIFFjpeg_read_scanlines
FN:347,TIFFjpeg_read_raw_data
FNDA:0,TIFFjpeg_read_raw_data
FN:354,TIFFjpeg_finish_decompress
FNDA:0,TIFFjpeg_finish_decompress
FN:360,TIFFjpeg_abort
FNDA:0,TIFFjpeg_abort
FN:366,TIFFjpeg_destroy
FNDA:0,TIFFjpeg_destroy
FN:372,TIFFjpeg_alloc_sarray
FNDA:0,TIFFjpeg_alloc_sarray
FN:387,std_init_destination
FNDA:0,std_init_destination
FN:397,std_empty_output_buffer
FNDA:0,std_empty_output_buffer
FN:425,std_term_destination
FNDA:0,std_term_destination
FN:451,tables_init_destination
FNDA:0,tables_init_destination
FN:461,tables_empty_output_buffer
FNDA:0,tables_empty_output_buffer
FN:479,tables_term_destination
FNDA:0,tables_term_destination
FN:488,TIFFjpeg_tables_dest
FNDA:0,TIFFjpeg_tables_dest
FN:517,std_init_source
FNDA:0,std_init_source
FN:527,std_fill_input_buffer
FNDA:0,std_fill_input_buffer
FN:563,std_skip_input_data
FNDA:0,std_skip_input_data
FN:579,std_term_source
FNDA:0,std_term_source
FN:605,tables_init_source
FNDA:0,tables_init_source
FN:628,alloc_downsampled_buffers
FNDA:0,alloc_downsampled_buffers
FN:691,JPEGFixupTags
FNDA:8,JPEGFixupTags
FN:706,JPEGFixupTagsSubsampling
FNDA:8,JPEGFixupTagsSubsampling
FN:764,JPEGFixupTagsSubsamplingSec
FNDA:8,JPEGFixupTagsSubsamplingSec
FN:881,JPEGFixupTagsSubsamplingReadByte
FNDA:136,JPEGFixupTagsSubsamplingReadByte
FN:911,JPEGFixupTagsSubsamplingReadWord
FNDA:24,JPEGFixupTagsSubsamplingReadWord
FN:954,JPEGSetupDecode
FNDA:0,JPEGSetupDecode
FN:1002,JPEGPreDecode
FNDA:0,JPEGPreDecode
FN:1179,JPEGDecode
FNDA:0,JPEGDecode
FN:1340,DecodeRowError
FNDA:0,DecodeRowError
FN:1357,JPEGDecodeRaw
FNDA:0,JPEGDecodeRaw
FN:1539,prepare_JPEGTables
FNDA:0,prepare_JPEGTables
FN:1571,JPEGSetupEncode
FNDA:0,JPEGSetupEncode
FN:1731,JPEGPreEncode
FNDA:0,JPEGPreEncode
FN:1868,JPEGEncode
FNDA:0,JPEGEncode
FN:1939,JPEGEncodeRaw
FNDA:0,JPEGEncodeRaw
FN:2023,JPEGPostEncode
FNDA:0,JPEGPostEncode
FN:2058,JPEGCleanup
FNDA:8,JPEGCleanup
FN:2078,JPEGResetUpsampled
FNDA:8,JPEGResetUpsampled
FN:2113,JPEGVSetField
FNDA:112,JPEGVSetField
FN:2169,JPEGVGetField
FNDA:24,JPEGVGetField
FN:2196,JPEGPrintDir
FNDA:8,JPEGPrintDir
FN:2213,JPEGDefaultStripSize
FNDA:0,JPEGDefaultStripSize
FN:2225,JPEGDefaultTileSize
FNDA:0,JPEGDefaultTileSize
FN:2257,JPEGInitializeLibJPEG
FNDA:0,JPEGInitializeLibJPEG
FN:2290,TIFFInitJPEG
FNDA:8,TIFFInitJPEG
DA:213,0
DA:215,0
DA:216,0
DA:218,0
DA:219,0
DA:220,0
DA:221,0
DA:230,0
DA:232,0
DA:234,0
DA:235,0
DA:236,0
DA:248,0
DA:251,0
DA:252,0
DA:253,0
DA:255,0
DA:259,0
DA:262,0
DA:263,0
DA:264,0
DA:266,0
DA:270,0
DA:272,0
DA:276,0
DA:278,0
DA:282,0
DA:284,0
DA:289,0
DA:291,0
DA:295,0
DA:297,0
DA:302,0
DA:304,0
DA:309,0
DA:311,0
DA:316,0
DA:318,0
DA:322,0
DA:324,0
DA:328,0
DA:330,0
DA:334,0
DA:336,0
DA:340,0
DA:342,0
DA:347,0
DA:349,0
DA:354,0
DA:356,0
DA:360,0
DA:362,0
DA:366,0
DA:368,0
DA:372,0
DA:375,0
DA:387,0
DA:389,0
DA:390,0
DA:392,0
DA:393,0
DA:394,0
DA:397,0
DA:399,0
DA:400,0
DA:403,0
DA:417,0
DA:418,0
DA:419,0
DA:421,0
DA:425,0
DA:427,0
DA:428,0
DA:430,0
DA:431,0
DA:432,0
DA:434,0
DA:437,0
DA:439,0
DA:440,0
DA:441,0
DA:442,0
DA:443,0
DA:451,0
DA:453,0
DA:456,0
DA:457,0
DA:458,0
DA:461,0
DA:463,0
DA:464,0
DA:467,0
DA:468,0
DA:469,0
DA:470,0
DA:471,0
DA:472,0
DA:473,0
DA:474,0
DA:475,0
DA:479,0
DA:481,0
DA:484,0
DA:485,0
DA:488,0
DA:490,0
DA:495,0
DA:496,0
DA:497,0
DA:498,0
DA:499,0
DA:500,0
DA:501,0
DA:502,0
DA:504,0
DA:505,0
DA:506,0
DA:507,0
DA:508,0
DA:517,0
DA:519,0
DA:520,0
DA:522,0
DA:523,0
DA:524,0
DA:527,0
DA:529,0
DA:530,0
DA:555,0
DA:557,0
DA:558,0
DA:559,0
DA:563,0
DA:565,0
DA:567,0
DA:568,0
DA:570,0
DA:572,0
DA:573,0
DA:576,0
DA:579,0
DA:582,0
DA:583,0
DA:586,0
DA:588,0
DA:589,0
DA:590,0
DA:591,0
DA:592,0
DA:593,0
DA:594,0
DA:595,0
DA:596,0
DA:605,0
DA:607,0
DA:609,0
DA:610,0
DA:611,0
DA:614,0
DA:616,0
DA:617,0
DA:628,0
DA:631,0
DA:632,0
DA:633,0
DA:634,0
DA:635,0
DA:637,0
DA:638,0
DA:639,0
DA:640,0
DA:641,0
DA:642,0
DA:643,0
DA:644,0
DA:646,0
DA:648,0
DA:649,0
DA:691,8
DA:694,8
DA:695,8
DA:696,8
DA:697,8
DA:700,8
DA:706,8
DA:728,8
DA:729,8
DA:731,8
DA:733,8
DA:734,8
DA:735,8
DA:740,0
DA:743,8
DA:744,8
DA:745,8
DA:746,8
DA:748,0
DA:750,0
DA:752,8
DA:753,8
DA:754,8
DA:755,8
DA:756,8
DA:757,8
DA:758,0
DA:760,8
DA:764,8
DA:766,8
DA:767,8
DA:768,32
DA:770,32
DA:772,32
DA:774,32
DA:777,32
DA:779,32
DA:781,32
DA:784,32
DA:789,16
DA:812,16
DA:813,16
DA:814,0
DA:815,16
DA:817,16
DA:818,16
DA:819,32
DA:821,16
DA:822,8
DA:829,8
DA:830,8
DA:831,8
DA:832,8
DA:833,8
DA:834,0
DA:835,8
DA:837,16
DA:838,8
DA:840,8
DA:841,8
DA:842,32
DA:843,24
DA:845,32
DA:846,16
DA:848,16
DA:850,0
DA:852,0
DA:854,16
DA:856,8
DA:858,0
DA:860,0
DA:862,8
DA:864,0
DA:867,0
DA:869,0
DA:870,0
DA:873,8
DA:881,136
DA:883,136
DA:885,8
DA:886,8
DA:888,8
DA:890,8
DA:891,8
DA:893,8
DA:894,8
DA:895,8
DA:896,8
DA:897,8
DA:899,8
DA:900,8
DA:901,8
DA:902,8
DA:904,136
DA:905,136
DA:906,136
DA:907,136
DA:911,24
DA:913,24
DA:914,24
DA:915,24
DA:917,24
DA:919,24
DA:920,24
DA:924,64
DA:926,64
DA:928,64
DA:929,64
DA:933,0
DA:934,0
DA:935,0
DA:937,0
DA:938,0
DA:939,0
DA:940,0
DA:944,0
DA:945,0
DA:954,0
DA:956,0
DA:957,0
DA:964,0
DA:966,0
DA:967,0
DA:970,0
DA:971,0
DA:972,0
DA:973,0
DA:974,0
DA:979,0
DA:980,0
DA:981,0
DA:982,0
DA:983,0
DA:984,0
DA:985,0
DA:987,0
DA:988,0
DA:989,0
DA:993,0
DA:994,0
DA:995,0
DA:1002,0
DA:1004,0
DA:1005,0
DA:1006,0
DA:1007,0
DA:1008,0
DA:1009,0
DA:1011,0
DA:1013,0
DA:1015,0
DA:1018,0
DA:1023,0
DA:1029,0
DA:1032,0
DA:1033,0
DA:1038,0
DA:1039,0
DA:1040,0
DA:1041,0
DA:1042,0
DA:1043,0
DA:1045,0
DA:1047,0
DA:1049,0
DA:1054,0
DA:1055,0
DA:1057,0
DA:1058,0
DA:1059,0
DA:1066,0
DA:1067,0
DA:1074,0
DA:1079,0
DA:1081,0
DA:1082,0
DA:1083,0
DA:1084,0
DA:1085,0
DA:1095,0
DA:1096,0
DA:1097,0
DA:1100,0
DA:1102,0
DA:1103,0
DA:1104,0
DA:1109,0
DA:1110,0
DA:1113,0
DA:1114,0
DA:1116,0
DA:1117,0
DA:1122,0
DA:1124,0
DA:1125,0
DA:1128,0
DA:1129,0
DA:1130,0
DA:1131,0
DA:1133,0
DA:1134,0
DA:1137,0
DA:1138,0
DA:1139,0
DA:1140,0
DA:1141,0
DA:1144,0
DA:1146,0
DA:1148,0
DA:1150,0
DA:1151,0
DA:1152,0
DA:1155,0
DA:1156,0
DA:1157,0
DA:1158,0
DA:1161,0
DA:1164,0
DA:1165,0
DA:1168,0
DA:1179,0
DA:1181,0
DA:1182,0
DA:1183,0
DA:1189,0
DA:1190,0
DA:1192,0
DA:1195,0
DA:1196,0
DA:1197,0
DA:1200,0
DA:1204,0
DA:1206,0
DA:1212,0
DA:1214,0
DA:1215,0
DA:1217,0
DA:1218,0
DA:1219,0
DA:1220,0
DA:1224,0
DA:1225,0
DA:1228,0
DA:1229,0
DA:1340,0
DA:1343,0
DA:1344,0
DA:1345,0
DA:1347,0
DA:1349,0
DA:1357,0
DA:1359,0
DA:1360,0
DA:1361,0
DA:1364,0
DA:1367,0
DA:1368,0
DA:1381,0
DA:1382,0
DA:1383,0
DA:1385,0
DA:1386,0
DA:1388,0
DA:1392,0
DA:1393,0
DA:1394,0
DA:1396,0
DA:1402,0
DA:1403,0
DA:1404,0
DA:1405,0
DA:1406,0
DA:1407,0
DA:1408,0
DA:1410,0
DA:1411,0
DA:1412,0
DA:1416,0
DA:1417,0
DA:1418,0
DA:1420,0
DA:1424,0
DA:1426,0
DA:1427,0
DA:1428,0
DA:1434,0
DA:1435,0
DA:1436,0
DA:1437,0
DA:1440,0
DA:1473,0
DA:1474,0
DA:1476,0
DA:1477,0
DA:1479,0
DA:1480,0
DA:1489,0
DA:1490,0
DA:1499,0
DA:1501,0
DA:1503,0
DA:1504,0
DA:1508,0
DA:1510,0
DA:1512,0
DA:1513,0
DA:1517,0
DA:1519,0
DA:1521,0
DA:1522,0
DA:1523,0
DA:1524,0
DA:1528,0
DA:1530,0
DA:1532,0
DA:1533,0
DA:1534,0
DA:1535,0
DA:1539,0
DA:1541,0
DA:1544,0
DA:1548,0
DA:1550,0
DA:1551,0
DA:1552,0
DA:1553,0
DA:1555,0
DA:1556,0
DA:1557,0
DA:1558,0
DA:1561,0
DA:1564,0
DA:1565,0
DA:1571,0
DA:1573,0
DA:1574,0
DA:1575,0
DA:1582,0
DA:1584,0
DA:1585,0
DA:1587,0
DA:1594,0
DA:1595,0
DA:1596,0
DA:1597,0
DA:1598,0
DA:1600,0
DA:1603,0
DA:1604,0
DA:1605,0
DA:1606,0
DA:1607,0
DA:1608,0
DA:1610,0
DA:1613,0
DA:1614,0
DA:1616,0
DA:1619,0
DA:1620,0
DA:1621,0
DA:1622,0
DA:1629,0
DA:1630,0
DA:1632,0
DA:1633,0
DA:1634,0
DA:1635,0
DA:1636,0
DA:1637,0
DA:1638,0
DA:1639,0
DA:1640,0
DA:1644,0
DA:1645,0
DA:1647,0
DA:1650,0
DA:1651,0
DA:1653,0
DA:1654,0
DA:1655,0
DA:1669,0
DA:1672,0
DA:1674,0
DA:1676,0
DA:1680,0
DA:1681,0
DA:1682,0
DA:1685,0
DA:1687,0
DA:1688,0
DA:1691,0
DA:1694,0
DA:1695,0
DA:1696,0
DA:1699,0
DA:1704,0
DA:1705,0
DA:1706,0
DA:1708,0
DA:1712,0
DA:1713,0
DA:1718,0
DA:1722,0
DA:1724,0
DA:1731,0
DA:1733,0
DA:1734,0
DA:1735,0
DA:1736,0
DA:1737,0
DA:1739,0
DA:1741,0
DA:1743,0
DA:1746,0
DA:1750,0
DA:1751,0
DA:1752,0
DA:1753,0
DA:1755,0
DA:1756,0
DA:1757,0
DA:1759,0
DA:1761,0
DA:1765,0
DA:1766,0
DA:1768,0
DA:1769,0
DA:1770,0
DA:1772,0
DA:1773,0
DA:1774,0
DA:1775,0
DA:1776,0
DA:1777,0
DA:1778,0
DA:1779,0
DA:1780,0
DA:1782,0
DA:1788,0
DA:1789,0
DA:1791,0
DA:1796,0
DA:1798,0
DA:1800,0
DA:1801,0
DA:1802,0
DA:1803,0
DA:1807,0
DA:1808,0
DA:1815,0
DA:1817,0
DA:1818,0
DA:1819,0
DA:1822,0
DA:1823,0
DA:1825,0
DA:1830,0
DA:1831,0
DA:1832,0
DA:1835,0
DA:1836,0
DA:1838,0
DA:1839,0
DA:1840,0
DA:1841,0
DA:1844,0
DA:1845,0
DA:1846,0
DA:1847,0
DA:1850,0
DA:1853,0
DA:1854,0
DA:1858,0
DA:1860,0
DA:1868,0
DA:1870,0
DA:1871,0
DA:1872,0
DA:1873,0
DA:1874,0
DA:1876,0
DA:1877,0
DA:1879,0
DA:1880,0
DA:1881,0
DA:1885,0
DA:1886,0
DA:1888,0
DA:1890,0
DA:1891,0
DA:1895,0
DA:1897,0
DA:1900,0
DA:1901,0
DA:1903,0
DA:1905,0
DA:1907,0
DA:1908,0
DA:1909,0
DA:1911,0
DA:1912,0
DA:1917,0
DA:1919,0
DA:1921,0
DA:1922,0
DA:1923,0
DA:1926,0
DA:1928,0
DA:1939,0
DA:1941,0
DA:1942,0
DA:1943,0
DA:1944,0
DA:1945,0
DA:1946,0
DA:1947,0
DA:1948,0
DA:1949,0
DA:1951,0
DA:1952,0
DA:1956,0
DA:1957,0
DA:1958,0
DA:1960,0
DA:1961,0
DA:1962,0
DA:1965,0
DA:1967,0
DA:1972,0
DA:1973,0
DA:1974,0
DA:1975,0
DA:1976,0
DA:1977,0
DA:1978,0
DA:1979,0
DA:1980,0
DA:1981,0
DA:1982,0
DA:1983,0
DA:1985,0
DA:1986,0
DA:1987,0
DA:1991,0
DA:1992,0
DA:1993,0
DA:1994,0
DA:1998,0
DA:1999,0
DA:2000,0
DA:2002,0
DA:2005,0
DA:2006,0
DA:2007,0
DA:2008,0
DA:2010,0
DA:2012,0
DA:2013,0
DA:2014,0
DA:2023,0
DA:2025,0
DA:2027,0
DA:2032,0
DA:2033,0
DA:2035,0
DA:2036,0
DA:2037,0
DA:2038,0
DA:2039,0
DA:2041,0
DA:2042,0
DA:2043,0
DA:2044,0
DA:2049,0
DA:2050,0
DA:2054,0
DA:2058,8
DA:2060,8
DA:2062,8
DA:2064,8
DA:2065,8
DA:2066,8
DA:2067,8
DA:2068,0
DA:2069,8
DA:2070,8
DA:2071,8
DA:2072,8
DA:2074,8
DA:2075,8
DA:2078,8
DA:2080,8
DA:2081,8
DA:2088,8
DA:2089,8
DA:2090,8
DA:2091,8
DA:2092,0
DA:2099,8
DA:2106,8
DA:2107,0
DA:2108,8
DA:2109,0
DA:2110,8
DA:2113,112
DA:2115,112
DA:2116,112
DA:2117,112
DA:2119,112
DA:2121,112
DA:2122,8
DA:2123,8
DA:2124,8
DA:2128,8
DA:2130,8
DA:2131,8
DA:2132,8
DA:2133,0
DA:2134,0
DA:2135,0
DA:2136,0
DA:2137,0
DA:2138,0
DA:2139,0
DA:2140,8
DA:2142,8
DA:2143,8
DA:2144,8
DA:2146,0
DA:2147,0
DA:2148,0
DA:2149,8
DA:2151,8
DA:2153,8
DA:2154,88
DA:2155,88
DA:2158,8
DA:2159,8
DA:2164,8
DA:2165,8
DA:2169,24
DA:2171,24
DA:2173,24
DA:2175,24
DA:2176,0
DA:2177,0
DA:2178,0
DA:2179,0
DA:2180,0
DA:2181,0
DA:2182,0
DA:2183,0
DA:2184,0
DA:2185,0
DA:2186,0
DA:2187,0
DA:2188,0
DA:2189,24
DA:2190,24
DA:2196,8
DA:2198,8
DA:2200,8
DA:2201,8
DA:2203,8
DA:2204,8
DA:2205,8
DA:2206,8
DA:2207,8
DA:2208,0
DA:2210,8
DA:2213,0
DA:2215,0
DA:2216,0
DA:2218,0
DA:2219,0
DA:2220,0
DA:2221,0
DA:2225,0
DA:2227,0
DA:2228,0
DA:2230,0
DA:2231,0
DA:2232,0
DA:2233,0
DA:2257,0
DA:2259,0
DA:2261,0
DA:2263,0
DA:2264,0
DA:2265,0
DA:2266,0
DA:2270,0
DA:2276,0
DA:2277,0
DA:2280,0
DA:2284,0
DA:2286,0
DA:2290,8
DA:2292,8
DA:2294,8
DA:2299,8
DA:2300,0
DA:2303,0
DA:2309,8
DA:2311,8
DA:2312,0
DA:2314,0
DA:2316,8
DA:2318,8
DA:2319,8
DA:2324,8
DA:2325,8
DA:2326,8
DA:2327,8
DA:2328,8
DA:2329,8
DA:2332,8
DA:2333,8
DA:2334,8
DA:2335,8
DA:2336,8
DA:2337,8
DA:2342,8
DA:2343,8
DA:2344,8
DA:2345,8
DA:2346,8
DA:2347,8
DA:2348,8
DA:2349,8
DA:2350,8
DA:2351,8
DA:2352,8
DA:2353,8
DA:2354,8
DA:2355,8
DA:2356,8
DA:2357,8
DA:2358,8
DA:2359,8
DA:2361,8
DA:2369,8
DA:2380,0
DA:2381,0
DA:2383,0
end_of_record
TN:
SF:/usr/include/stdlib.h
DA:362,0
DA:364,0
end_of_record
SF:/usr/include/x86_64-linux-gnu/bits/stdio.h
DA:82,0
DA:84,0
end_of_record
SF:/home/g/Desktop/Fuzz/training/fuzzing_libtiff/tiff-4.0.4/tools/tiffinfo.c
FN:59,PrivateErrorHandler
FNDA:467467,PrivateErrorHandler
FN:67,main
FNDA:288706,main
FN:187,usage
FNDA:0,usage
FN:200,ShowStrip
FNDA:0,ShowStrip
FN:216,TIFFReadContigStripData
FNDA:0,TIFFReadContigStripData
FN:243,TIFFReadSeparateStripData
FNDA:0,TIFFReadSeparateStripData
FN:274,ShowTile
FNDA:0,ShowTile
FN:294,TIFFReadContigTileData
FNDA:0,TIFFReadContigTileData
FN:322,TIFFReadSeparateTileData
FNDA:0,TIFFReadSeparateTileData
FN:354,TIFFReadData
FNDA:0,TIFFReadData
FN:373,ShowRawBytes
FNDA:0,ShowRawBytes
FN:386,ShowRawWords
FNDA:0,ShowRawWords
FN:399,TIFFReadRawData
FNDA:48697,TIFFReadRawData
FN:447,tiffinfo
FNDA:48697,tiffinfo
DA:59,467467
DA:61,467467
DA:62,467467
DA:63,467467
DA:64,467467
DA:67,288706
DA:69,288706
DA:70,288706
DA:71,288706
DA:76,288706
DA:77,288706
DA:78,288706
DA:80,2020942
DA:81,1732236
DA:82,0
DA:85,0
DA:86,0
DA:87,0
DA:88,0
DA:90,288706
DA:91,288706
DA:92,288706
DA:93,288706
DA:94,288706
DA:95,288706
DA:96,0
DA:97,0
DA:99,0
DA:102,0
DA:104,0
DA:105,0
DA:106,0
DA:107,0
DA:108,0
DA:109,0
DA:110,288706
DA:111,288706
DA:114,288706
DA:115,288706
DA:116,288706
DA:117,288706
DA:118,288706
DA:119,288706
DA:120,288706
DA:121,288706
DA:122,288706
DA:123,288706
DA:124,0
DA:125,0
DA:126,0
DA:127,0
DA:128,0
DA:131,288706
DA:132,0
DA:134,288706
DA:136,288706
DA:137,577412
DA:138,288706
DA:139,0
DA:140,577412
DA:141,288706
DA:142,48697
DA:143,0
DA:144,0
DA:145,48697
DA:146,0
DA:147,0
DA:149,48697
DA:150,48697
DA:152,48697
DA:153,48697
DA:155,0
DA:156,0
DA:159,48697
DA:161,48697
DA:164,288706
DA:187,0
DA:189,0
DA:190,0
DA:192,0
DA:193,0
DA:194,0
DA:195,0
DA:196,0
DA:200,0
DA:202,0
DA:204,0
DA:205,0
DA:206,0
DA:207,0
DA:208,0
DA:209,0
DA:211,0
DA:213,0
DA:216,0
DA:218,0
DA:219,0
DA:221,0
DA:222,0
DA:223,0
DA:224,0
DA:226,0
DA:227,0
DA:228,0
DA:229,0
DA:230,0
DA:231,0
DA:232,0
DA:233,0
DA:235,0
DA:236,0
DA:238,0
DA:240,0
DA:243,0
DA:245,0
DA:246,0
DA:248,0
DA:249,0
DA:250,0
DA:251,0
DA:252,0
DA:254,0
DA:255,0
DA:256,0
DA:257,0
DA:258,0
DA:259,0
DA:260,0
DA:261,0
DA:262,0
DA:263,0
DA:265,0
DA:266,0
DA:269,0
DA:271,0
DA:274,0
DA:277,0
DA:279,0
DA:280,0
DA:281,0
DA:282,0
DA:283,0
DA:284,0
DA:285,0
DA:286,0
DA:287,0
DA:289,0
DA:291,0
DA:294,0
DA:296,0
DA:297,0
DA:299,0
DA:300,0
DA:301,0
DA:302,0
DA:304,0
DA:305,0
DA:306,0
DA:307,0
DA:308,0
DA:309,0
DA:310,0
DA:311,0
DA:313,0
DA:314,0
DA:317,0
DA:319,0
DA:322,0
DA:324,0
DA:325,0
DA:327,0
DA:328,0
DA:329,0
DA:330,0
DA:331,0
DA:333,0
DA:334,0
DA:335,0
DA:336,0
DA:337,0
DA:338,0
DA:339,0
DA:340,0
DA:341,0
DA:342,0
DA:344,0
DA:345,0
DA:349,0
DA:351,0
DA:354,0
DA:356,0
DA:358,0
DA:359,0
DA:360,0
DA:361,0
DA:363,0
DA:365,0
DA:366,0
DA:368,0
DA:370,0
DA:373,0
DA:375,0
DA:377,0
DA:378,0
DA:379,0
DA:380,0
DA:382,0
DA:383,0
DA:386,0
DA:388,0
DA:390,0
DA:391,0
DA:392,0
DA:393,0
DA:395,0
DA:396,0
DA:399,48697
DA:401,48697
DA:402,48697
DA:403,48697
DA:405,48697
DA:406,48697
DA:407,48697
DA:408,48697
DA:409,48697
DA:411,182103
DA:412,122974
DA:413,154
DA:414,154
DA:416,122974
DA:417,55
DA:420,55
DA:422,122919
DA:423,38210
DA:425,38210
DA:427,84709
DA:428,0
DA:429,0
DA:430,0
DA:433,0
DA:435,0
DA:436,0
DA:438,0
DA:441,48697
DA:442,48642
DA:444,48697
DA:447,48697
DA:449,48697
DA:450,48697
DA:452,48697
DA:453,48697
DA:454,0
DA:455,0
DA:457,0
DA:459,48697
DA:461,0
DA:462,0
DA:463,0
end_of_record
